Log file open, 11/29/23 01:03:57
LogWindows: Failed to load 'aqProf.dll' (GetLastError=126)
LogWindows: File 'aqProf.dll' does not exist
LogWindows: Failed to load 'VtuneApi.dll' (GetLastError=126)
LogWindows: File 'VtuneApi.dll' does not exist
LogWindows: Failed to load 'VtuneApi32e.dll' (GetLastError=126)
LogWindows: File 'VtuneApi32e.dll' does not exist
LogConsoleResponse: Display: Failed to find resolution value strings in scalability ini. Falling back to default.
LogConsoleResponse: Display: Failed to find resolution value strings in scalability ini. Falling back to default.
LogInit: Display: Running engine for game: BALLRUNNER
LogPlatformFile: Not using cached read wrapper
LogTaskGraph: Started task graph with 5 named threads and 71 total threads with 3 sets of task threads.
LogStats: Stats thread started at 0.150187
LogICUInternationalization: ICU TimeZone Detection - Raw Offset: +1:00, Platform Override: ''
LogInit: Display: Loading text-based GConfig....
LogPluginManager: Mounting plugin MeshPainting
LogPluginManager: Mounting plugin XGEController
LogPluginManager: Mounting plugin Paper2D
LogPluginManager: Mounting plugin LiveLink
LogPluginManager: Mounting plugin AISupport
LogPluginManager: Mounting plugin EnvironmentQueryEditor
LogPluginManager: Mounting plugin LightPropagationVolume
LogPluginManager: Mounting plugin CameraShakePreviewer
LogPluginManager: Mounting plugin GameplayCameras
LogPluginManager: Mounting plugin AnimationSharing
LogPluginManager: Mounting plugin CLionSourceCodeAccess
LogPluginManager: Mounting plugin GitSourceControl
LogPluginManager: Mounting plugin CodeLiteSourceCodeAccess
LogPluginManager: Mounting plugin KDevelopSourceCodeAccess
LogPluginManager: Mounting plugin NullSourceCodeAccess
LogPluginManager: Mounting plugin PerforceSourceControl
LogPluginManager: Mounting plugin PixWinPlugin
LogPluginManager: Mounting plugin PlasticSourceControl
LogPluginManager: Mounting plugin PluginUtils
LogPluginManager: Mounting plugin PropertyAccessNode
LogPluginManager: Mounting plugin RiderSourceCodeAccess
LogPluginManager: Mounting plugin SubversionSourceControl
LogPluginManager: Mounting plugin TextureFormatOodle
LogPluginManager: Mounting plugin UObjectPlugin
LogPluginManager: Mounting plugin VisualStudioCodeSourceCodeAccess
LogPluginManager: Mounting plugin VisualStudioSourceCodeAccess
LogPluginManager: Mounting plugin XCodeSourceCodeAccess
LogPluginManager: Mounting plugin OodleData
LogPluginManager: Mounting plugin OodleNetwork
LogPluginManager: Mounting plugin AssetManagerEditor
LogPluginManager: Mounting plugin CryptoKeys
LogPluginManager: Mounting plugin CurveEditorTools
LogPluginManager: Mounting plugin DataValidation
LogPluginManager: Mounting plugin FacialAnimation
LogPluginManager: Mounting plugin GameplayTagsEditor
LogPluginManager: Mounting plugin GeometryMode
LogPluginManager: Mounting plugin MacGraphicsSwitching
LogPluginManager: Mounting plugin MaterialAnalyzer
LogPluginManager: Mounting plugin MobileLauncherProfileWizard
LogPluginManager: Mounting plugin PluginBrowser
LogPluginManager: Mounting plugin SpeedTreeImporter
LogPluginManager: Mounting plugin DatasmithContent
LogPluginManager: Mounting plugin VariantManagerContent
LogPluginManager: Mounting plugin AlembicImporter
LogPluginManager: Mounting plugin AutomationUtils
LogPluginManager: Mounting plugin ChaosClothEditor
LogPluginManager: Mounting plugin ChaosCloth
LogPluginManager: Mounting plugin ChaosSolverPlugin
LogPluginManager: Mounting plugin ChaosEditor
LogPluginManager: Mounting plugin ChaosNiagara
LogPluginManager: Mounting plugin CharacterAI
LogPluginManager: Mounting plugin Niagara
LogPluginManager: Mounting plugin BackChannel
LogPluginManager: Mounting plugin GeometryCache
LogPluginManager: Mounting plugin GeometryCollectionPlugin
LogPluginManager: Mounting plugin GeometryProcessing
LogPluginManager: Mounting plugin MotoSynth
LogPluginManager: Mounting plugin OpenImageDenoise
LogPluginManager: Mounting plugin PlanarCut
LogPluginManager: Mounting plugin PlatformCrypto
LogPluginManager: Mounting plugin PythonScriptPlugin
LogPluginManager: Mounting plugin ProxyLODPlugin
LogPluginManager: Mounting plugin LuminPlatformFeatures
LogPluginManager: Mounting plugin MagicLeap
LogPluginManager: Mounting plugin MagicLeapLightEstimation
LogPluginManager: Mounting plugin MagicLeapMedia
LogPluginManager: Mounting plugin MagicLeapPassableWorld
LogPluginManager: Mounting plugin MLSDK
LogPluginManager: Mounting plugin SkeletalReduction
LogPluginManager: Mounting plugin AndroidMedia
LogPluginManager: Mounting plugin AvfMedia
LogPluginManager: Mounting plugin ImgMedia
LogPluginManager: Mounting plugin MediaPlayerEditor
LogPluginManager: Mounting plugin WebMMedia
LogPluginManager: Mounting plugin WmfMedia
LogPluginManager: Mounting plugin TcpMessaging
LogPluginManager: Mounting plugin UdpMessaging
LogPluginManager: Mounting plugin ActorSequence
LogPluginManager: Mounting plugin LevelSequenceEditor
LogPluginManager: Mounting plugin MatineeToLevelSequence
LogPluginManager: Mounting plugin TemplateSequence
LogPluginManager: Mounting plugin MediaCompositing
LogPluginManager: Mounting plugin OnlineSubsystem
LogPluginManager: Mounting plugin OnlineSubsystemNull
LogPluginManager: Mounting plugin LauncherChunkInstaller
LogPluginManager: Mounting plugin AndroidDeviceProfileSelector
LogPluginManager: Mounting plugin AndroidMoviePlayer
LogPluginManager: Mounting plugin AndroidPermission
LogPluginManager: Mounting plugin AppleImageUtils
LogPluginManager: Mounting plugin OnlineSubsystemUtils
LogPluginManager: Mounting plugin AppleMoviePlayer
LogPluginManager: Mounting plugin AssetTags
LogPluginManager: Mounting plugin ActorLayerUtilities
LogPluginManager: Mounting plugin CableComponent
LogPluginManager: Mounting plugin ChunkDownloader
LogPluginManager: Mounting plugin ExampleDeviceProfileSelector
LogPluginManager: Mounting plugin AudioCapture
LogPluginManager: Mounting plugin ArchVisCharacter
LogPluginManager: Mounting plugin CustomMeshComponent
LogPluginManager: Mounting plugin AudioSynesthesia
LogPluginManager: Mounting plugin EditableMesh
LogPluginManager: Mounting plugin GoogleCloudMessaging
LogPluginManager: Mounting plugin IOSDeviceProfileSelector
LogPluginManager: Mounting plugin LinuxDeviceProfileSelector
LogPluginManager: Mounting plugin MobilePatchingUtils
LogPluginManager: Mounting plugin GooglePAD
LogPluginManager: Mounting plugin OpenXRHandTracking
LogPluginManager: Mounting plugin LocationServicesBPLibrary
LogPluginManager: Mounting plugin OpenXR
LogPluginManager: Mounting plugin PostSplashScreen
LogPluginManager: Mounting plugin RuntimePhysXCooking
LogPluginManager: Mounting plugin SignificanceManager
LogPluginManager: Mounting plugin PropertyAccessEditor
LogPluginManager: Mounting plugin ProceduralMeshComponent
LogPluginManager: Mounting plugin SoundFields
LogPluginManager: Mounting plugin OpenXREyeTracker
LogPluginManager: Mounting plugin Synthesis
LogPluginManager: Mounting plugin PhysXVehicles
LogPluginManager: Mounting plugin WebMMoviePlayer
LogPluginManager: Mounting plugin ScreenshotTools
LogPluginManager: Mounting plugin WindowsMoviePlayer
LogPluginManager: Mounting plugin Takes
LogPluginManager: Mounting plugin ContentBrowserClassDataSource
LogPluginManager: Mounting plugin ContentBrowserAssetDataSource
LogPluginManager: Mounting plugin ContentBrowserFileDataSource
LogPluginManager: Mounting plugin OnlineSubsystemIOS
LogPluginManager: Mounting plugin OnlineSubsystemGooglePlay
LogPluginManager: Mounting plugin OculusVR
LogPluginManager: Mounting plugin SteamVR
PixWinPlugin: PIX capture plugin failed to initialize! Check that the process is launched from PIX.
LogInit: Using libcurl 7.55.1-DEV
LogInit:  - built for x86_64-pc-win32
LogInit:  - supports SSL with OpenSSL/1.1.1
LogInit:  - supports HTTP deflate (compression) using libz 1.2.8
LogInit:  - other features:
LogInit:      CURL_VERSION_SSL
LogInit:      CURL_VERSION_LIBZ
LogInit:      CURL_VERSION_IPV6
LogInit:      CURL_VERSION_ASYNCHDNS
LogInit:      CURL_VERSION_LARGEFILE
LogInit:      CURL_VERSION_IDN
LogInit:  CurlRequestOptions (configurable via config and command line):
LogInit:  - bVerifyPeer = true  - Libcurl will verify peer certificate
LogInit:  - bUseHttpProxy = false  - Libcurl will NOT use HTTP proxy
LogInit:  - bDontReuseConnections = false  - Libcurl will reuse connections
LogInit:  - MaxHostConnections = 16  - Libcurl will limit the number of connections to a host
LogInit:  - LocalHostAddr = Default
LogInit:  - BufferSize = 65536
LogOnline: OSS: Creating online subsystem instance for: NULL
LogInit: WinSock: version 1.1 (2.2), MaxSocks=32767, MaxUdp=65467
LogOnline: OSS: TryLoadSubsystemAndSetDefault: Loaded subsystem for module [NULL]
LogOculusPluginWrapper: OculusPlugin initialized successfully
LogHMD: Failed initializing OVRPlugin 1.59.0
LogInit: Build: ++UE4+Release-4.27-CL-18319896
LogInit: Engine Version: 4.27.2-18319896+++UE4+Release-4.27
LogInit: Compatible Engine Version: 4.27.0-17155196+++UE4+Release-4.27
LogInit: Net CL: 17155196
LogInit: OS: Windows 10 (Release 2009) (), CPU: 13th Gen Intel(R) Core(TM) i7-13700KF, GPU: NVIDIA GeForce RTX 3060
LogInit: Compiled (64-bit): Nov 30 2021 07:12:08
LogInit: Compiled with Visual C++: 19.24.28315.00
LogInit: Build Configuration: Development
LogInit: Branch Name: ++UE4+Release-4.27
LogInit: Command Line: 
LogInit: Base Directory: C:/Users/Karol/Desktop/UE_4.27/Engine/Binaries/Win64/
LogInit: Allocator: TBB
LogInit: Installed Engine Build: 1
LogDevObjectVersion: Number of dev versions registered: 29
LogDevObjectVersion:   Dev-Blueprints (B0D832E4-1F89-4F0D-ACCF-7EB736FD4AA2): 10
LogDevObjectVersion:   Dev-Build (E1C64328-A22C-4D53-A36C-8E866417BD8C): 0
LogDevObjectVersion:   Dev-Core (375EC13C-06E4-48FB-B500-84F0262A717E): 4
LogDevObjectVersion:   Dev-Editor (E4B068ED-F494-42E9-A231-DA0B2E46BB41): 40
LogDevObjectVersion:   Dev-Framework (CFFC743F-43B0-4480-9391-14DF171D2073): 37
LogDevObjectVersion:   Dev-Mobile (B02B49B5-BB20-44E9-A304-32B752E40360): 3
LogDevObjectVersion:   Dev-Networking (A4E4105C-59A1-49B5-A7C5-40C4547EDFEE): 0
LogDevObjectVersion:   Dev-Online (39C831C9-5AE6-47DC-9A44-9C173E1C8E7C): 0
LogDevObjectVersion:   Dev-Physics (78F01B33-EBEA-4F98-B9B4-84EACCB95AA2): 14
LogDevObjectVersion:   Dev-Platform (6631380F-2D4D-43E0-8009-CF276956A95A): 0
LogDevObjectVersion:   Dev-Rendering (12F88B9F-8875-4AFC-A67C-D90C383ABD29): 45
LogDevObjectVersion:   Dev-Sequencer (7B5AE74C-D270-4C10-A958-57980B212A5A): 13
LogDevObjectVersion:   Dev-VR (D7296918-1DD6-4BDD-9DE2-64A83CC13884): 3
LogDevObjectVersion:   Dev-LoadTimes (C2A15278-BFE7-4AFE-6C17-90FF531DF755): 1
LogDevObjectVersion:   Private-Geometry (6EACA3D4-40EC-4CC1-B786-8BED09428FC5): 3
LogDevObjectVersion:   Dev-AnimPhys (29E575DD-E0A3-4627-9D10-D276232CDCEA): 17
LogDevObjectVersion:   Dev-Anim (AF43A65D-7FD3-4947-9873-3E8ED9C1BB05): 15
LogDevObjectVersion:   Dev-ReflectionCapture (6B266CEC-1EC7-4B8F-A30B-E4D90942FC07): 1
LogDevObjectVersion:   Dev-Automation (0DF73D61-A23F-47EA-B727-89E90C41499A): 1
LogDevObjectVersion:   FortniteMain (601D1886-AC64-4F84-AA16-D3DE0DEAC7D6): 47
LogDevObjectVersion:   FortniteRelease (E7086368-6B23-4C58-8439-1B7016265E91): 1
LogDevObjectVersion:   Dev-Enterprise (9DFFBCD6-494F-0158-E221-12823C92A888): 10
LogDevObjectVersion:   Dev-Niagara (F2AED0AC-9AFE-416F-8664-AA7FFA26D6FC): 1
LogDevObjectVersion:   Dev-Destruction (174F1F0B-B4C6-45A5-B13F-2EE8D0FB917D): 10
LogDevObjectVersion:   Dev-Physics-Ext (35F94A83-E258-406C-A318-09F59610247C): 41
LogDevObjectVersion:   Dev-PhysicsMaterial-Chaos (B68FC16E-8B1B-42E2-B453-215C058844FE): 1
LogDevObjectVersion:   Dev-CineCamera (B2E18506-4273-CFC2-A54E-F4BB758BBA07): 1
LogDevObjectVersion:   Dev-VirtualProduction (64F58936-FD1B-42BA-BA96-7289D5D0FA4E): 1
LogDevObjectVersion:   Dev-MediaFramework (6F0ED827-A609-4895-9C91-998D90180EA4): 2
LogInit: Presizing for max 25165824 objects, including 0 objects not considered by GC, pre-allocating 0 bytes for permanent pool.
LogConfig: Applying CVar settings from Section [/Script/Engine.StreamingSettings] File [C:/Users/Karol/Desktop/29list/KarolH_BR/BALLRUNNER/Saved/Config/Windows/Engine.ini]
LogConfig: Setting CVar [[s.MinBulkDataSizeForAsyncLoading:131072]]
LogConfig: Setting CVar [[s.AsyncLoadingThreadEnabled:0]]
LogConfig: Setting CVar [[s.EventDrivenLoaderEnabled:1]]
LogConfig: Setting CVar [[s.WarnIfTimeLimitExceeded:0]]
LogConfig: Setting CVar [[s.TimeLimitExceededMultiplier:1.5]]
LogConfig: Setting CVar [[s.TimeLimitExceededMinTime:0.005]]
LogConfig: Setting CVar [[s.UseBackgroundLevelStreaming:1]]
LogConfig: Setting CVar [[s.PriorityAsyncLoadingExtraTime:15.0]]
LogConfig: Setting CVar [[s.LevelStreamingActorsUpdateTimeLimit:5.0]]
LogConfig: Setting CVar [[s.PriorityLevelStreamingActorsUpdateExtraTime:5.0]]
LogConfig: Setting CVar [[s.LevelStreamingComponentsRegistrationGranularity:10]]
LogConfig: Setting CVar [[s.UnregisterComponentsTimeLimit:1.0]]
LogConfig: Setting CVar [[s.LevelStreamingComponentsUnregistrationGranularity:5]]
LogConfig: Setting CVar [[s.FlushStreamingOnExit:1]]
LogInit: Object subsystem initialized
LogConfig: Setting CVar [[con.DebugEarlyDefault:1]]
LogConfig: Setting CVar [[r.setres:1280x720]]
[2023.11.29-00.03.58:074][  0]LogConfig: Setting CVar [[r.VSync:0]]
[2023.11.29-00.03.58:074][  0]LogConfig: Setting CVar [[r.RHICmdBypass:0]]
[2023.11.29-00.03.58:074][  0]LogConfig: Applying CVar settings from Section [/Script/Engine.RendererSettings] File [C:/Users/Karol/Desktop/29list/KarolH_BR/BALLRUNNER/Saved/Config/Windows/Engine.ini]
[2023.11.29-00.03.58:074][  0]LogConfig: Setting CVar [[r.GPUCrashDebugging:0]]
[2023.11.29-00.03.58:074][  0]LogConfig: Applying CVar settings from Section [/Script/Engine.RendererOverrideSettings] File [C:/Users/Karol/Desktop/29list/KarolH_BR/BALLRUNNER/Saved/Config/Windows/Engine.ini]
[2023.11.29-00.03.58:074][  0]LogConfig: Applying CVar settings from Section [/Script/Engine.StreamingSettings] File [C:/Users/Karol/Desktop/29list/KarolH_BR/BALLRUNNER/Saved/Config/Windows/Engine.ini]
[2023.11.29-00.03.58:074][  0]LogConfig: Setting CVar [[s.MinBulkDataSizeForAsyncLoading:131072]]
[2023.11.29-00.03.58:074][  0]LogConfig: Setting CVar [[s.AsyncLoadingThreadEnabled:0]]
[2023.11.29-00.03.58:074][  0]LogConfig: Setting CVar [[s.EventDrivenLoaderEnabled:1]]
[2023.11.29-00.03.58:074][  0]LogConfig: Setting CVar [[s.WarnIfTimeLimitExceeded:0]]
[2023.11.29-00.03.58:074][  0]LogConfig: Setting CVar [[s.TimeLimitExceededMultiplier:1.5]]
[2023.11.29-00.03.58:074][  0]LogConfig: Setting CVar [[s.TimeLimitExceededMinTime:0.005]]
[2023.11.29-00.03.58:074][  0]LogConfig: Setting CVar [[s.UseBackgroundLevelStreaming:1]]
[2023.11.29-00.03.58:074][  0]LogConfig: Setting CVar [[s.PriorityAsyncLoadingExtraTime:15.0]]
[2023.11.29-00.03.58:074][  0]LogConfig: Setting CVar [[s.LevelStreamingActorsUpdateTimeLimit:5.0]]
[2023.11.29-00.03.58:074][  0]LogConfig: Setting CVar [[s.PriorityLevelStreamingActorsUpdateExtraTime:5.0]]
[2023.11.29-00.03.58:074][  0]LogConfig: Setting CVar [[s.LevelStreamingComponentsRegistrationGranularity:10]]
[2023.11.29-00.03.58:074][  0]LogConfig: Setting CVar [[s.UnregisterComponentsTimeLimit:1.0]]
[2023.11.29-00.03.58:074][  0]LogConfig: Setting CVar [[s.LevelStreamingComponentsUnregistrationGranularity:5]]
[2023.11.29-00.03.58:074][  0]LogConfig: Setting CVar [[s.FlushStreamingOnExit:1]]
[2023.11.29-00.03.58:074][  0]LogConfig: Applying CVar settings from Section [/Script/Engine.GarbageCollectionSettings] File [C:/Users/Karol/Desktop/29list/KarolH_BR/BALLRUNNER/Saved/Config/Windows/Engine.ini]
[2023.11.29-00.03.58:074][  0]LogConfig: Setting CVar [[gc.MaxObjectsNotConsideredByGC:1]]
[2023.11.29-00.03.58:074][  0]LogConfig: Setting CVar [[gc.SizeOfPermanentObjectPool:0]]
[2023.11.29-00.03.58:074][  0]LogConfig: Setting CVar [[gc.FlushStreamingOnGC:0]]
[2023.11.29-00.03.58:074][  0]LogConfig: Setting CVar [[gc.NumRetriesBeforeForcingGC:10]]
[2023.11.29-00.03.58:074][  0]LogConfig: Setting CVar [[gc.AllowParallelGC:1]]
[2023.11.29-00.03.58:074][  0]LogConfig: Setting CVar [[gc.TimeBetweenPurgingPendingKillObjects:61.1]]
[2023.11.29-00.03.58:074][  0]LogConfig: Setting CVar [[gc.MaxObjectsInEditor:25165824]]
[2023.11.29-00.03.58:074][  0]LogConfig: Setting CVar [[gc.IncrementalBeginDestroyEnabled:1]]
[2023.11.29-00.03.58:074][  0]LogConfig: Setting CVar [[gc.CreateGCClusters:1]]
[2023.11.29-00.03.58:074][  0]LogConfig: Setting CVar [[gc.MinGCClusterSize:5]]
[2023.11.29-00.03.58:074][  0]LogConfig: Setting CVar [[gc.ActorClusteringEnabled:0]]
[2023.11.29-00.03.58:074][  0]LogConfig: Setting CVar [[gc.BlueprintClusteringEnabled:0]]
[2023.11.29-00.03.58:074][  0]LogConfig: Setting CVar [[gc.UseDisregardForGCOnDedicatedServers:0]]
[2023.11.29-00.03.58:074][  0]LogConfig: Setting CVar [[gc.MultithreadedDestructionEnabled:1]]
[2023.11.29-00.03.58:074][  0]LogConfig: Applying CVar settings from Section [/Script/Engine.NetworkSettings] File [C:/Users/Karol/Desktop/29list/KarolH_BR/BALLRUNNER/Saved/Config/Windows/Engine.ini]
[2023.11.29-00.03.58:074][  0]LogConfig: Applying CVar settings from Section [/Script/UnrealEd.CookerSettings] File [C:/Users/Karol/Desktop/29list/KarolH_BR/BALLRUNNER/Saved/Config/Windows/Engine.ini]
[2023.11.29-00.03.58:077][  0]LogConfig: Applying CVar settings from Section [ViewDistanceQuality@3] File [C:/Users/Karol/Desktop/29list/KarolH_BR/BALLRUNNER/Saved/Config/Windows/Scalability.ini]
[2023.11.29-00.03.58:077][  0]LogConfig: Setting CVar [[r.SkeletalMeshLODBias:0]]
[2023.11.29-00.03.58:077][  0]LogConfig: Setting CVar [[r.ViewDistanceScale:1.0]]
[2023.11.29-00.03.58:077][  0]LogConfig: Applying CVar settings from Section [AntiAliasingQuality@3] File [C:/Users/Karol/Desktop/29list/KarolH_BR/BALLRUNNER/Saved/Config/Windows/Scalability.ini]
[2023.11.29-00.03.58:077][  0]LogConfig: Setting CVar [[r.PostProcessAAQuality:4]]
[2023.11.29-00.03.58:077][  0]LogConfig: Applying CVar settings from Section [ShadowQuality@3] File [C:/Users/Karol/Desktop/29list/KarolH_BR/BALLRUNNER/Saved/Config/Windows/Scalability.ini]
[2023.11.29-00.03.58:077][  0]LogConfig: Setting CVar [[r.LightFunctionQuality:1]]
[2023.11.29-00.03.58:077][  0]LogConfig: Setting CVar [[r.ShadowQuality:5]]
[2023.11.29-00.03.58:077][  0]LogConfig: Setting CVar [[r.Shadow.CSM.MaxCascades:10]]
[2023.11.29-00.03.58:077][  0]LogConfig: Setting CVar [[r.Shadow.MaxResolution:2048]]
[2023.11.29-00.03.58:077][  0]LogConfig: Setting CVar [[r.Shadow.MaxCSMResolution:2048]]
[2023.11.29-00.03.58:077][  0]LogConfig: Setting CVar [[r.Shadow.RadiusThreshold:0.01]]
[2023.11.29-00.03.58:077][  0]LogConfig: Setting CVar [[r.Shadow.DistanceScale:1.0]]
[2023.11.29-00.03.58:077][  0]LogConfig: Setting CVar [[r.Shadow.CSM.TransitionScale:1.0]]
[2023.11.29-00.03.58:077][  0]LogConfig: Setting CVar [[r.Shadow.PreShadowResolutionFactor:1.0]]
[2023.11.29-00.03.58:077][  0]LogConfig: Setting CVar [[r.DistanceFieldShadowing:1]]
[2023.11.29-00.03.58:077][  0]LogConfig: Setting CVar [[r.DistanceFieldAO:1]]
[2023.11.29-00.03.58:077][  0]LogConfig: Setting CVar [[r.AOQuality:2]]
[2023.11.29-00.03.58:077][  0]LogConfig: Setting CVar [[r.VolumetricFog:1]]
[2023.11.29-00.03.58:077][  0]LogConfig: Setting CVar [[r.VolumetricFog.GridPixelSize:8]]
[2023.11.29-00.03.58:077][  0]LogConfig: Setting CVar [[r.VolumetricFog.GridSizeZ:128]]
[2023.11.29-00.03.58:077][  0]LogConfig: Setting CVar [[r.VolumetricFog.HistoryMissSupersampleCount:4]]
[2023.11.29-00.03.58:077][  0]LogConfig: Setting CVar [[r.LightMaxDrawDistanceScale:1]]
[2023.11.29-00.03.58:077][  0]LogConfig: Setting CVar [[r.CapsuleShadows:1]]
[2023.11.29-00.03.58:077][  0]LogConfig: Applying CVar settings from Section [PostProcessQuality@3] File [C:/Users/Karol/Desktop/29list/KarolH_BR/BALLRUNNER/Saved/Config/Windows/Scalability.ini]
[2023.11.29-00.03.58:077][  0]LogConfig: Setting CVar [[r.MotionBlurQuality:4]]
[2023.11.29-00.03.58:077][  0]LogConfig: Setting CVar [[r.AmbientOcclusionMipLevelFactor:0.4]]
[2023.11.29-00.03.58:077][  0]LogConfig: Setting CVar [[r.AmbientOcclusionMaxQuality:100]]
[2023.11.29-00.03.58:077][  0]LogConfig: Setting CVar [[r.AmbientOcclusionLevels:-1]]
[2023.11.29-00.03.58:077][  0]LogConfig: Setting CVar [[r.AmbientOcclusionRadiusScale:1.0]]
[2023.11.29-00.03.58:077][  0]LogConfig: Setting CVar [[r.DepthOfFieldQuality:2]]
[2023.11.29-00.03.58:077][  0]LogConfig: Setting CVar [[r.RenderTargetPoolMin:400]]
[2023.11.29-00.03.58:077][  0]LogConfig: Setting CVar [[r.LensFlareQuality:2]]
[2023.11.29-00.03.58:077][  0]LogConfig: Setting CVar [[r.SceneColorFringeQuality:1]]
[2023.11.29-00.03.58:077][  0]LogConfig: Setting CVar [[r.EyeAdaptationQuality:2]]
[2023.11.29-00.03.58:077][  0]LogConfig: Setting CVar [[r.BloomQuality:5]]
[2023.11.29-00.03.58:077][  0]LogConfig: Setting CVar [[r.FastBlurThreshold:100]]
[2023.11.29-00.03.58:077][  0]LogConfig: Setting CVar [[r.Upscale.Quality:3]]
[2023.11.29-00.03.58:077][  0]LogConfig: Setting CVar [[r.Tonemapper.GrainQuantization:1]]
[2023.11.29-00.03.58:077][  0]LogConfig: Setting CVar [[r.LightShaftQuality:1]]
[2023.11.29-00.03.58:077][  0]LogConfig: Setting CVar [[r.Filter.SizeScale:1]]
[2023.11.29-00.03.58:077][  0]LogConfig: Setting CVar [[r.Tonemapper.Quality:5]]
[2023.11.29-00.03.58:077][  0]LogConfig: Setting CVar [[r.DOF.Gather.AccumulatorQuality:1        ; higher gathering accumulator quality]]
[2023.11.29-00.03.58:077][  0]LogConfig: Setting CVar [[r.DOF.Gather.PostfilterMethod:1          ; Median3x3 postfilering method]]
[2023.11.29-00.03.58:077][  0]LogConfig: Setting CVar [[r.DOF.Gather.EnableBokehSettings:0       ; no bokeh simulation when gathering]]
[2023.11.29-00.03.58:077][  0]LogConfig: Setting CVar [[r.DOF.Gather.RingCount:4                 ; medium number of samples when gathering]]
[2023.11.29-00.03.58:077][  0]LogConfig: Setting CVar [[r.DOF.Scatter.ForegroundCompositing:1    ; additive foreground scattering]]
[2023.11.29-00.03.58:077][  0]LogConfig: Setting CVar [[r.DOF.Scatter.BackgroundCompositing:2    ; additive background scattering]]
[2023.11.29-00.03.58:077][  0]LogConfig: Setting CVar [[r.DOF.Scatter.EnableBokehSettings:1      ; bokeh simulation when scattering]]
[2023.11.29-00.03.58:077][  0]LogConfig: Setting CVar [[r.DOF.Scatter.MaxSpriteRatio:0.1         ; only a maximum of 10% of scattered bokeh]]
[2023.11.29-00.03.58:077][  0]LogConfig: Setting CVar [[r.DOF.Recombine.Quality:1                ; cheap slight out of focus]]
[2023.11.29-00.03.58:077][  0]LogConfig: Setting CVar [[r.DOF.Recombine.EnableBokehSettings:0    ; no bokeh simulation on slight out of focus]]
[2023.11.29-00.03.58:077][  0]LogConfig: Setting CVar [[r.DOF.TemporalAAQuality:1                ; more stable temporal accumulation]]
[2023.11.29-00.03.58:077][  0]LogConfig: Setting CVar [[r.DOF.Kernel.MaxForegroundRadius:0.025]]
[2023.11.29-00.03.58:077][  0]LogConfig: Setting CVar [[r.DOF.Kernel.MaxBackgroundRadius:0.025]]
[2023.11.29-00.03.58:077][  0]LogConfig: Applying CVar settings from Section [TextureQuality@3] File [C:/Users/Karol/Desktop/29list/KarolH_BR/BALLRUNNER/Saved/Config/Windows/Scalability.ini]
[2023.11.29-00.03.58:077][  0]LogConfig: Setting CVar [[r.Streaming.MipBias:0]]
[2023.11.29-00.03.58:077][  0]LogConfig: Setting CVar [[r.Streaming.AmortizeCPUToGPUCopy:0]]
[2023.11.29-00.03.58:077][  0]LogConfig: Setting CVar [[r.Streaming.MaxNumTexturesToStreamPerFrame:0]]
[2023.11.29-00.03.58:077][  0]LogConfig: Setting CVar [[r.Streaming.Boost:1]]
[2023.11.29-00.03.58:077][  0]LogConfig: Setting CVar [[r.MaxAnisotropy:8]]
[2023.11.29-00.03.58:077][  0]LogConfig: Setting CVar [[r.VT.MaxAnisotropy:8]]
[2023.11.29-00.03.58:077][  0]LogConfig: Setting CVar [[r.Streaming.LimitPoolSizeToVRAM:0]]
[2023.11.29-00.03.58:077][  0]LogConfig: Setting CVar [[r.Streaming.PoolSize:1000]]
[2023.11.29-00.03.58:077][  0]LogConfig: Setting CVar [[r.Streaming.MaxEffectiveScreenSize:0]]
[2023.11.29-00.03.58:077][  0]LogConfig: Applying CVar settings from Section [EffectsQuality@3] File [C:/Users/Karol/Desktop/29list/KarolH_BR/BALLRUNNER/Saved/Config/Windows/Scalability.ini]
[2023.11.29-00.03.58:077][  0]LogConfig: Setting CVar [[r.TranslucencyLightingVolumeDim:64]]
[2023.11.29-00.03.58:077][  0]LogConfig: Setting CVar [[r.RefractionQuality:2]]
[2023.11.29-00.03.58:077][  0]LogConfig: Setting CVar [[r.SSR.Quality:3]]
[2023.11.29-00.03.58:077][  0]LogConfig: Setting CVar [[r.SSR.HalfResSceneColor:0]]
[2023.11.29-00.03.58:077][  0]LogConfig: Setting CVar [[r.SceneColorFormat:4]]
[2023.11.29-00.03.58:077][  0]LogConfig: Setting CVar [[r.DetailMode:2]]
[2023.11.29-00.03.58:077][  0]LogConfig: Setting CVar [[r.TranslucencyVolumeBlur:1]]
[2023.11.29-00.03.58:077][  0]LogConfig: Setting CVar [[r.MaterialQualityLevel:1 ; High quality]]
[2023.11.29-00.03.58:077][  0]LogConfig: Setting CVar [[r.AnisotropicMaterials:1]]
[2023.11.29-00.03.58:077][  0]LogConfig: Setting CVar [[r.SSS.Scale:1]]
[2023.11.29-00.03.58:077][  0]LogConfig: Setting CVar [[r.SSS.SampleSet:2]]
[2023.11.29-00.03.58:077][  0]LogConfig: Setting CVar [[r.SSS.Quality:1]]
[2023.11.29-00.03.58:077][  0]LogConfig: Setting CVar [[r.SSS.HalfRes:0]]
[2023.11.29-00.03.58:077][  0]LogConfig: Setting CVar [[r.SSGI.Quality:3]]
[2023.11.29-00.03.58:077][  0]LogConfig: Setting CVar [[r.EmitterSpawnRateScale:1.0]]
[2023.11.29-00.03.58:077][  0]LogConfig: Setting CVar [[r.ParticleLightQuality:2]]
[2023.11.29-00.03.58:077][  0]LogConfig: Setting CVar [[r.SkyAtmosphere.AerialPerspectiveLUT.FastApplyOnOpaque:1 ; Always have FastSkyLUT 1 in this case to avoid wrong sky]]
[2023.11.29-00.03.58:077][  0]LogConfig: Setting CVar [[r.SkyAtmosphere.AerialPerspectiveLUT.SampleCountMaxPerSlice:4]]
[2023.11.29-00.03.58:077][  0]LogConfig: Setting CVar [[r.SkyAtmosphere.AerialPerspectiveLUT.DepthResolution:16.0]]
[2023.11.29-00.03.58:077][  0]LogConfig: Setting CVar [[r.SkyAtmosphere.FastSkyLUT:1]]
[2023.11.29-00.03.58:077][  0]LogConfig: Setting CVar [[r.SkyAtmosphere.FastSkyLUT.SampleCountMin:4.0]]
[2023.11.29-00.03.58:077][  0]LogConfig: Setting CVar [[r.SkyAtmosphere.FastSkyLUT.SampleCountMax:128.0]]
[2023.11.29-00.03.58:077][  0]LogConfig: Setting CVar [[r.SkyAtmosphere.SampleCountMin:4.0]]
[2023.11.29-00.03.58:077][  0]LogConfig: Setting CVar [[r.SkyAtmosphere.SampleCountMax:128.0]]
[2023.11.29-00.03.58:077][  0]LogConfig: Setting CVar [[r.SkyAtmosphere.TransmittanceLUT.UseSmallFormat:0]]
[2023.11.29-00.03.58:077][  0]LogConfig: Setting CVar [[r.SkyAtmosphere.TransmittanceLUT.SampleCount:10.0]]
[2023.11.29-00.03.58:077][  0]LogConfig: Setting CVar [[r.SkyAtmosphere.MultiScatteringLUT.SampleCount:15.0]]
[2023.11.29-00.03.58:077][  0]LogConfig: Setting CVar [[r.SkyLight.RealTimeReflectionCapture:1]]
[2023.11.29-00.03.58:077][  0]LogConfig: Applying CVar settings from Section [FoliageQuality@3] File [C:/Users/Karol/Desktop/29list/KarolH_BR/BALLRUNNER/Saved/Config/Windows/Scalability.ini]
[2023.11.29-00.03.58:077][  0]LogConfig: Setting CVar [[foliage.DensityScale:1.0]]
[2023.11.29-00.03.58:077][  0]LogConfig: Setting CVar [[grass.DensityScale:1.0]]
[2023.11.29-00.03.58:077][  0]LogConfig: Applying CVar settings from Section [ShadingQuality@3] File [C:/Users/Karol/Desktop/29list/KarolH_BR/BALLRUNNER/Saved/Config/Windows/Scalability.ini]
[2023.11.29-00.03.58:077][  0]LogConfig: Setting CVar [[r.HairStrands.SkyLighting.IntegrationType:2]]
[2023.11.29-00.03.58:077][  0]LogConfig: Setting CVar [[r.HairStrands.SkyAO.SampleCount:4]]
[2023.11.29-00.03.58:077][  0]LogConfig: Setting CVar [[r.HairStrands.Visibility.MSAA.SamplePerPixel:4]]
[2023.11.29-00.03.58:077][  0]LogInit: Selected Device Profile: [Windows]
[2023.11.29-00.03.58:077][  0]LogInit: Applying CVar settings loaded from the selected device profile: [Windows]
[2023.11.29-00.03.58:077][  0]LogHAL: Display: Platform has ~ 64 GB [68540186624 / 68719476736 / 64], which maps to Largest [LargestMinGB=32, LargerMinGB=12, DefaultMinGB=8, SmallerMinGB=6, SmallestMinGB=0)
[2023.11.29-00.03.58:077][  0]LogInit: Going up to parent DeviceProfile []
[2023.11.29-00.03.58:077][  0]LogConfig: Applying CVar settings from Section [ViewDistanceQuality@3] File [C:/Users/Karol/Desktop/29list/KarolH_BR/BALLRUNNER/Saved/Config/Windows/Scalability.ini]
[2023.11.29-00.03.58:077][  0]LogConfig: Setting CVar [[r.SkeletalMeshLODBias:0]]
[2023.11.29-00.03.58:077][  0]LogConfig: Setting CVar [[r.ViewDistanceScale:1.0]]
[2023.11.29-00.03.58:077][  0]LogConfig: Applying CVar settings from Section [AntiAliasingQuality@3] File [C:/Users/Karol/Desktop/29list/KarolH_BR/BALLRUNNER/Saved/Config/Windows/Scalability.ini]
[2023.11.29-00.03.58:077][  0]LogConfig: Setting CVar [[r.PostProcessAAQuality:4]]
[2023.11.29-00.03.58:077][  0]LogConfig: Applying CVar settings from Section [ShadowQuality@3] File [C:/Users/Karol/Desktop/29list/KarolH_BR/BALLRUNNER/Saved/Config/Windows/Scalability.ini]
[2023.11.29-00.03.58:077][  0]LogConfig: Setting CVar [[r.LightFunctionQuality:1]]
[2023.11.29-00.03.58:078][  0]LogConfig: Setting CVar [[r.ShadowQuality:5]]
[2023.11.29-00.03.58:078][  0]LogConfig: Setting CVar [[r.Shadow.CSM.MaxCascades:10]]
[2023.11.29-00.03.58:078][  0]LogConfig: Setting CVar [[r.Shadow.MaxResolution:2048]]
[2023.11.29-00.03.58:078][  0]LogConfig: Setting CVar [[r.Shadow.MaxCSMResolution:2048]]
[2023.11.29-00.03.58:078][  0]LogConfig: Setting CVar [[r.Shadow.RadiusThreshold:0.01]]
[2023.11.29-00.03.58:078][  0]LogConfig: Setting CVar [[r.Shadow.DistanceScale:1.0]]
[2023.11.29-00.03.58:078][  0]LogConfig: Setting CVar [[r.Shadow.CSM.TransitionScale:1.0]]
[2023.11.29-00.03.58:078][  0]LogConfig: Setting CVar [[r.Shadow.PreShadowResolutionFactor:1.0]]
[2023.11.29-00.03.58:078][  0]LogConfig: Setting CVar [[r.DistanceFieldShadowing:1]]
[2023.11.29-00.03.58:078][  0]LogConfig: Setting CVar [[r.DistanceFieldAO:1]]
[2023.11.29-00.03.58:078][  0]LogConfig: Setting CVar [[r.AOQuality:2]]
[2023.11.29-00.03.58:078][  0]LogConfig: Setting CVar [[r.VolumetricFog:1]]
[2023.11.29-00.03.58:078][  0]LogConfig: Setting CVar [[r.VolumetricFog.GridPixelSize:8]]
[2023.11.29-00.03.58:078][  0]LogConfig: Setting CVar [[r.VolumetricFog.GridSizeZ:128]]
[2023.11.29-00.03.58:078][  0]LogConfig: Setting CVar [[r.VolumetricFog.HistoryMissSupersampleCount:4]]
[2023.11.29-00.03.58:078][  0]LogConfig: Setting CVar [[r.LightMaxDrawDistanceScale:1]]
[2023.11.29-00.03.58:078][  0]LogConfig: Setting CVar [[r.CapsuleShadows:1]]
[2023.11.29-00.03.58:078][  0]LogConfig: Applying CVar settings from Section [PostProcessQuality@3] File [C:/Users/Karol/Desktop/29list/KarolH_BR/BALLRUNNER/Saved/Config/Windows/Scalability.ini]
[2023.11.29-00.03.58:078][  0]LogConfig: Setting CVar [[r.MotionBlurQuality:4]]
[2023.11.29-00.03.58:078][  0]LogConfig: Setting CVar [[r.AmbientOcclusionMipLevelFactor:0.4]]
[2023.11.29-00.03.58:078][  0]LogConfig: Setting CVar [[r.AmbientOcclusionMaxQuality:100]]
[2023.11.29-00.03.58:078][  0]LogConfig: Setting CVar [[r.AmbientOcclusionLevels:-1]]
[2023.11.29-00.03.58:078][  0]LogConfig: Setting CVar [[r.AmbientOcclusionRadiusScale:1.0]]
[2023.11.29-00.03.58:078][  0]LogConfig: Setting CVar [[r.DepthOfFieldQuality:2]]
[2023.11.29-00.03.58:078][  0]LogConfig: Setting CVar [[r.RenderTargetPoolMin:400]]
[2023.11.29-00.03.58:078][  0]LogConfig: Setting CVar [[r.LensFlareQuality:2]]
[2023.11.29-00.03.58:078][  0]LogConfig: Setting CVar [[r.SceneColorFringeQuality:1]]
[2023.11.29-00.03.58:078][  0]LogConfig: Setting CVar [[r.EyeAdaptationQuality:2]]
[2023.11.29-00.03.58:078][  0]LogConfig: Setting CVar [[r.BloomQuality:5]]
[2023.11.29-00.03.58:078][  0]LogConfig: Setting CVar [[r.FastBlurThreshold:100]]
[2023.11.29-00.03.58:078][  0]LogConfig: Setting CVar [[r.Upscale.Quality:3]]
[2023.11.29-00.03.58:078][  0]LogConfig: Setting CVar [[r.Tonemapper.GrainQuantization:1]]
[2023.11.29-00.03.58:078][  0]LogConfig: Setting CVar [[r.LightShaftQuality:1]]
[2023.11.29-00.03.58:078][  0]LogConfig: Setting CVar [[r.Filter.SizeScale:1]]
[2023.11.29-00.03.58:078][  0]LogConfig: Setting CVar [[r.Tonemapper.Quality:5]]
[2023.11.29-00.03.58:078][  0]LogConfig: Setting CVar [[r.DOF.Gather.AccumulatorQuality:1        ; higher gathering accumulator quality]]
[2023.11.29-00.03.58:078][  0]LogConfig: Setting CVar [[r.DOF.Gather.PostfilterMethod:1          ; Median3x3 postfilering method]]
[2023.11.29-00.03.58:078][  0]LogConfig: Setting CVar [[r.DOF.Gather.EnableBokehSettings:0       ; no bokeh simulation when gathering]]
[2023.11.29-00.03.58:078][  0]LogConfig: Setting CVar [[r.DOF.Gather.RingCount:4                 ; medium number of samples when gathering]]
[2023.11.29-00.03.58:078][  0]LogConfig: Setting CVar [[r.DOF.Scatter.ForegroundCompositing:1    ; additive foreground scattering]]
[2023.11.29-00.03.58:078][  0]LogConfig: Setting CVar [[r.DOF.Scatter.BackgroundCompositing:2    ; additive background scattering]]
[2023.11.29-00.03.58:078][  0]LogConfig: Setting CVar [[r.DOF.Scatter.EnableBokehSettings:1      ; bokeh simulation when scattering]]
[2023.11.29-00.03.58:078][  0]LogConfig: Setting CVar [[r.DOF.Scatter.MaxSpriteRatio:0.1         ; only a maximum of 10% of scattered bokeh]]
[2023.11.29-00.03.58:078][  0]LogConfig: Setting CVar [[r.DOF.Recombine.Quality:1                ; cheap slight out of focus]]
[2023.11.29-00.03.58:078][  0]LogConfig: Setting CVar [[r.DOF.Recombine.EnableBokehSettings:0    ; no bokeh simulation on slight out of focus]]
[2023.11.29-00.03.58:078][  0]LogConfig: Setting CVar [[r.DOF.TemporalAAQuality:1                ; more stable temporal accumulation]]
[2023.11.29-00.03.58:078][  0]LogConfig: Setting CVar [[r.DOF.Kernel.MaxForegroundRadius:0.025]]
[2023.11.29-00.03.58:078][  0]LogConfig: Setting CVar [[r.DOF.Kernel.MaxBackgroundRadius:0.025]]
[2023.11.29-00.03.58:078][  0]LogConfig: Applying CVar settings from Section [TextureQuality@3] File [C:/Users/Karol/Desktop/29list/KarolH_BR/BALLRUNNER/Saved/Config/Windows/Scalability.ini]
[2023.11.29-00.03.58:078][  0]LogConfig: Setting CVar [[r.Streaming.MipBias:0]]
[2023.11.29-00.03.58:078][  0]LogConfig: Setting CVar [[r.Streaming.AmortizeCPUToGPUCopy:0]]
[2023.11.29-00.03.58:078][  0]LogConfig: Setting CVar [[r.Streaming.MaxNumTexturesToStreamPerFrame:0]]
[2023.11.29-00.03.58:078][  0]LogConfig: Setting CVar [[r.Streaming.Boost:1]]
[2023.11.29-00.03.58:078][  0]LogConfig: Setting CVar [[r.MaxAnisotropy:8]]
[2023.11.29-00.03.58:078][  0]LogConfig: Setting CVar [[r.VT.MaxAnisotropy:8]]
[2023.11.29-00.03.58:078][  0]LogConfig: Setting CVar [[r.Streaming.LimitPoolSizeToVRAM:0]]
[2023.11.29-00.03.58:078][  0]LogConfig: Setting CVar [[r.Streaming.PoolSize:1000]]
[2023.11.29-00.03.58:078][  0]LogConfig: Setting CVar [[r.Streaming.MaxEffectiveScreenSize:0]]
[2023.11.29-00.03.58:078][  0]LogConfig: Applying CVar settings from Section [EffectsQuality@3] File [C:/Users/Karol/Desktop/29list/KarolH_BR/BALLRUNNER/Saved/Config/Windows/Scalability.ini]
[2023.11.29-00.03.58:078][  0]LogConfig: Setting CVar [[r.TranslucencyLightingVolumeDim:64]]
[2023.11.29-00.03.58:078][  0]LogConfig: Setting CVar [[r.RefractionQuality:2]]
[2023.11.29-00.03.58:078][  0]LogConfig: Setting CVar [[r.SSR.Quality:3]]
[2023.11.29-00.03.58:078][  0]LogConfig: Setting CVar [[r.SSR.HalfResSceneColor:0]]
[2023.11.29-00.03.58:078][  0]LogConfig: Setting CVar [[r.SceneColorFormat:4]]
[2023.11.29-00.03.58:078][  0]LogConfig: Setting CVar [[r.DetailMode:2]]
[2023.11.29-00.03.58:078][  0]LogConfig: Setting CVar [[r.TranslucencyVolumeBlur:1]]
[2023.11.29-00.03.58:078][  0]LogConfig: Setting CVar [[r.MaterialQualityLevel:1 ; High quality]]
[2023.11.29-00.03.58:078][  0]LogConfig: Setting CVar [[r.AnisotropicMaterials:1]]
[2023.11.29-00.03.58:078][  0]LogConfig: Setting CVar [[r.SSS.Scale:1]]
[2023.11.29-00.03.58:078][  0]LogConfig: Setting CVar [[r.SSS.SampleSet:2]]
[2023.11.29-00.03.58:078][  0]LogConfig: Setting CVar [[r.SSS.Quality:1]]
[2023.11.29-00.03.58:078][  0]LogConfig: Setting CVar [[r.SSS.HalfRes:0]]
[2023.11.29-00.03.58:078][  0]LogConfig: Setting CVar [[r.SSGI.Quality:3]]
[2023.11.29-00.03.58:078][  0]LogConfig: Setting CVar [[r.EmitterSpawnRateScale:1.0]]
[2023.11.29-00.03.58:078][  0]LogConfig: Setting CVar [[r.ParticleLightQuality:2]]
[2023.11.29-00.03.58:078][  0]LogConfig: Setting CVar [[r.SkyAtmosphere.AerialPerspectiveLUT.FastApplyOnOpaque:1 ; Always have FastSkyLUT 1 in this case to avoid wrong sky]]
[2023.11.29-00.03.58:078][  0]LogConfig: Setting CVar [[r.SkyAtmosphere.AerialPerspectiveLUT.SampleCountMaxPerSlice:4]]
[2023.11.29-00.03.58:078][  0]LogConfig: Setting CVar [[r.SkyAtmosphere.AerialPerspectiveLUT.DepthResolution:16.0]]
[2023.11.29-00.03.58:078][  0]LogConfig: Setting CVar [[r.SkyAtmosphere.FastSkyLUT:1]]
[2023.11.29-00.03.58:078][  0]LogConfig: Setting CVar [[r.SkyAtmosphere.FastSkyLUT.SampleCountMin:4.0]]
[2023.11.29-00.03.58:078][  0]LogConfig: Setting CVar [[r.SkyAtmosphere.FastSkyLUT.SampleCountMax:128.0]]
[2023.11.29-00.03.58:078][  0]LogConfig: Setting CVar [[r.SkyAtmosphere.SampleCountMin:4.0]]
[2023.11.29-00.03.58:078][  0]LogConfig: Setting CVar [[r.SkyAtmosphere.SampleCountMax:128.0]]
[2023.11.29-00.03.58:078][  0]LogConfig: Setting CVar [[r.SkyAtmosphere.TransmittanceLUT.UseSmallFormat:0]]
[2023.11.29-00.03.58:078][  0]LogConfig: Setting CVar [[r.SkyAtmosphere.TransmittanceLUT.SampleCount:10.0]]
[2023.11.29-00.03.58:078][  0]LogConfig: Setting CVar [[r.SkyAtmosphere.MultiScatteringLUT.SampleCount:15.0]]
[2023.11.29-00.03.58:078][  0]LogConfig: Setting CVar [[r.SkyLight.RealTimeReflectionCapture:1]]
[2023.11.29-00.03.58:078][  0]LogConfig: Applying CVar settings from Section [FoliageQuality@3] File [C:/Users/Karol/Desktop/29list/KarolH_BR/BALLRUNNER/Saved/Config/Windows/Scalability.ini]
[2023.11.29-00.03.58:078][  0]LogConfig: Setting CVar [[foliage.DensityScale:1.0]]
[2023.11.29-00.03.58:078][  0]LogConfig: Setting CVar [[grass.DensityScale:1.0]]
[2023.11.29-00.03.58:078][  0]LogConfig: Applying CVar settings from Section [ShadingQuality@3] File [C:/Users/Karol/Desktop/29list/KarolH_BR/BALLRUNNER/Saved/Config/Windows/Scalability.ini]
[2023.11.29-00.03.58:078][  0]LogConfig: Setting CVar [[r.HairStrands.SkyLighting.IntegrationType:2]]
[2023.11.29-00.03.58:078][  0]LogConfig: Setting CVar [[r.HairStrands.SkyAO.SampleCount:4]]
[2023.11.29-00.03.58:078][  0]LogConfig: Setting CVar [[r.HairStrands.Visibility.MSAA.SamplePerPixel:4]]
[2023.11.29-00.03.58:078][  0]LogConfig: Applying CVar settings from Section [Startup] File [../../../Engine/Config/ConsoleVariables.ini]
[2023.11.29-00.03.58:078][  0]LogConfig: Setting CVar [[net.UseAdaptiveNetUpdateFrequency:0]]
[2023.11.29-00.03.58:078][  0]LogConfig: Setting CVar [[p.chaos.AllowCreatePhysxBodies:1]]
[2023.11.29-00.03.58:078][  0]LogConfig: Setting CVar [[fx.SkipVectorVMBackendOptimizations:1]]
[2023.11.29-00.03.58:078][  0]LogConfig: Applying CVar settings from Section [ConsoleVariables] File [C:/Users/Karol/Desktop/29list/KarolH_BR/BALLRUNNER/Saved/Config/Windows/Engine.ini]
[2023.11.29-00.03.58:078][  0]LogConfig: Applying CVar settings from Section [ConsoleVariables] File [C:/Users/Karol/Desktop/29list/KarolH_BR/BALLRUNNER/Saved/Config/Windows/Editor.ini]
[2023.11.29-00.03.58:078][  0]LogInit: Computer: DESKTOP-CNTPTIN
[2023.11.29-00.03.58:078][  0]LogInit: User: Karol
[2023.11.29-00.03.58:078][  0]LogInit: CPU Page size=4096, Cores=16
[2023.11.29-00.03.58:078][  0]LogInit: High frequency timer resolution =10.000000 MHz
[2023.11.29-00.03.58:078][  0]LogMemory: Memory total: Physical=63.8GB (64GB approx)
[2023.11.29-00.03.58:078][  0]LogMemory: Platform Memory Stats for Windows
[2023.11.29-00.03.58:078][  0]LogMemory: Process Physical Memory: 150.79 MB used, 150.79 MB peak
[2023.11.29-00.03.58:078][  0]LogMemory: Process Virtual Memory: 136.06 MB used, 136.06 MB peak
[2023.11.29-00.03.58:078][  0]LogMemory: Physical Memory: 15208.86 MB used,  50156.16 MB free, 65365.02 MB total
[2023.11.29-00.03.58:078][  0]LogMemory: Virtual Memory: 134165072.00 MB used,  52653.61 MB free, 134217728.00 MB total
[2023.11.29-00.03.58:081][  0]LogWindows: WindowsPlatformFeatures enabled
[2023.11.29-00.03.58:106][  0]LogInit: Physics initialised using underlying interface: PhysX
[2023.11.29-00.03.58:106][  0]LogInit: Using OS detected language (pl-PL).
[2023.11.29-00.03.58:106][  0]LogInit: Using OS detected locale (pl-PL).
[2023.11.29-00.03.58:108][  0]LogTextLocalizationManager: No specific localization for 'pl-PL' exists, so the 'pl' localization will be used.
[2023.11.29-00.03.58:108][  0]LogTextLocalizationResource: LocRes '../../../Engine/Content/Localization/Editor/pl/Editor.locres' could not be opened for reading!
[2023.11.29-00.03.58:108][  0]LogTextLocalizationResource: LocRes '../../../Engine/Content/Localization/EditorTutorials/pl/EditorTutorials.locres' could not be opened for reading!
[2023.11.29-00.03.58:108][  0]LogTextLocalizationResource: LocRes '../../../Engine/Content/Localization/Keywords/pl/Keywords.locres' could not be opened for reading!
[2023.11.29-00.03.58:108][  0]LogTextLocalizationResource: LocRes '../../../Engine/Content/Localization/Category/pl/Category.locres' could not be opened for reading!
[2023.11.29-00.03.58:108][  0]LogTextLocalizationResource: LocRes '../../../Engine/Content/Localization/ToolTips/pl/ToolTips.locres' could not be opened for reading!
[2023.11.29-00.03.58:108][  0]LogTextLocalizationResource: LocRes '../../../Engine/Content/Localization/PropertyNames/pl/PropertyNames.locres' could not be opened for reading!
[2023.11.29-00.03.58:108][  0]LogTextLocalizationResource: LocRes '../../../Engine/Content/Localization/Engine/pl/Engine.locres' could not be opened for reading!
[2023.11.29-00.03.58:108][  0]LogInit: Setting process to per monitor DPI aware
[2023.11.29-00.03.58:119][  0]LogWindowsTextInputMethodSystem: Display: IME system deactivated.
[2023.11.29-00.03.58:126][  0]LogSlate: New Slate User Created.  User Index 0, Is Virtual User: 0
[2023.11.29-00.03.58:126][  0]LogSlate: Slate User Registered.  User Index 0, Is Virtual User: 0
[2023.11.29-00.03.58:174][  0]LogD3D11RHI: Loaded GFSDK_Aftermath_Lib.x64.dll
[2023.11.29-00.03.58:177][  0]LogHMD: Failed to initialize OpenVR with code 110
[2023.11.29-00.03.58:177][  0]LogD3D11RHI: D3D11 min allowed feature level: 11_0
[2023.11.29-00.03.58:177][  0]LogD3D11RHI: D3D11 max allowed feature level: 11_0
[2023.11.29-00.03.58:177][  0]LogD3D11RHI: D3D11 adapters:
[2023.11.29-00.03.58:247][  0]LogD3D11RHI:    0. 'NVIDIA GeForce RTX 3060' (Feature Level 11_0)
[2023.11.29-00.03.58:247][  0]LogD3D11RHI:       12143/0/32682 MB DedicatedVideo/DedicatedSystem/SharedSystem, Outputs:1, VendorId:0x10de
[2023.11.29-00.03.58:248][  0]LogD3D11RHI:    1. 'Microsoft Basic Render Driver' (Feature Level 11_0)
[2023.11.29-00.03.58:248][  0]LogD3D11RHI:       0/0/32682 MB DedicatedVideo/DedicatedSystem/SharedSystem, Outputs:0, VendorId:0x1414
[2023.11.29-00.03.58:248][  0]LogD3D11RHI: Chosen D3D11 Adapter:
[2023.11.29-00.03.58:248][  0]LogD3D11RHI:     Description : NVIDIA GeForce RTX 3060
[2023.11.29-00.03.58:248][  0]LogD3D11RHI:     VendorId    : 10de
[2023.11.29-00.03.58:248][  0]LogD3D11RHI:     DeviceId    : 2504
[2023.11.29-00.03.58:248][  0]LogD3D11RHI:     SubSysId    : 40741458
[2023.11.29-00.03.58:248][  0]LogD3D11RHI:     Revision    : 00a1
[2023.11.29-00.03.58:248][  0]LogD3D11RHI:     DedicatedVideoMemory : 12732858368 bytes
[2023.11.29-00.03.58:248][  0]LogD3D11RHI:     DedicatedSystemMemory : 0 bytes
[2023.11.29-00.03.58:248][  0]LogD3D11RHI:     SharedSystemMemory : 34270093312 bytes
[2023.11.29-00.03.58:248][  0]LogD3D11RHI:     AdapterLuid : 0 52163
[2023.11.29-00.03.58:254][  0]LogD3D11RHI: Creating new Direct3DDevice
[2023.11.29-00.03.58:254][  0]LogD3D11RHI:     GPU DeviceId: 0x2504 (for the marketing name, search the web for "GPU Device Id")
[2023.11.29-00.03.58:254][  0]LogWindows: EnumDisplayDevices:
[2023.11.29-00.03.58:254][  0]LogWindows:    0. 'NVIDIA GeForce RTX 3060' (P:1 D:1)
[2023.11.29-00.03.58:254][  0]LogWindows:    1. 'NVIDIA GeForce RTX 3060' (P:0 D:0)
[2023.11.29-00.03.58:254][  0]LogWindows:    2. 'NVIDIA GeForce RTX 3060' (P:0 D:0)
[2023.11.29-00.03.58:254][  0]LogWindows:    3. 'NVIDIA GeForce RTX 3060' (P:0 D:0)
[2023.11.29-00.03.58:254][  0]LogWindows: DebugString: FoundDriverCount:4 
[2023.11.29-00.03.58:254][  0]LogD3D11RHI:     Adapter Name: NVIDIA GeForce RTX 3060
[2023.11.29-00.03.58:254][  0]LogD3D11RHI:   Driver Version: 496.13 (internal:30.0.14.9613, unified:496.13)
[2023.11.29-00.03.58:254][  0]LogD3D11RHI:      Driver Date: 10-6-2021
[2023.11.29-00.03.58:254][  0]LogRHI: Texture pool is 8500 MB (70% of 12143 MB)
[2023.11.29-00.03.58:254][  0]LogD3D11RHI: Creating D3DDevice using adapter:
[2023.11.29-00.03.58:255][  0]LogD3D11RHI:     Description : NVIDIA GeForce RTX 3060
[2023.11.29-00.03.58:255][  0]LogD3D11RHI:     VendorId    : 10de
[2023.11.29-00.03.58:255][  0]LogD3D11RHI:     DeviceId    : 2504
[2023.11.29-00.03.58:255][  0]LogD3D11RHI:     SubSysId    : 40741458
[2023.11.29-00.03.58:255][  0]LogD3D11RHI:     Revision    : 00a1
[2023.11.29-00.03.58:255][  0]LogD3D11RHI:     DedicatedVideoMemory : 12732858368 bytes
[2023.11.29-00.03.58:255][  0]LogD3D11RHI:     DedicatedSystemMemory : 0 bytes
[2023.11.29-00.03.58:255][  0]LogD3D11RHI:     SharedSystemMemory : 34270093312 bytes
[2023.11.29-00.03.58:255][  0]LogD3D11RHI:     AdapterLuid : 0 52163
[2023.11.29-00.03.58:283][  0]LogD3D11RHI: RHI has support for 64 bit atomics
[2023.11.29-00.03.58:283][  0]LogD3D11RHI: Async texture creation enabled
[2023.11.29-00.03.58:283][  0]LogD3D11RHI: Array index from any shader is supported
[2023.11.29-00.03.58:300][  0]LogD3D11RHI: GPU Timing Frequency: 1000.000000 (Debug: 2 2)
[2023.11.29-00.03.58:313][  0]LogRHI: GeForceNow SDK initialized: 1
[2023.11.29-00.03.58:460][  0]LogTargetPlatformManager: Display: Loaded TargetPlatform 'AllDesktop'
[2023.11.29-00.03.58:470][  0]LogTargetPlatformManager: Display: Loaded TargetPlatform 'Android'
[2023.11.29-00.03.58:470][  0]LogTargetPlatformManager: Display: Loaded TargetPlatform 'Android_ASTC'
[2023.11.29-00.03.58:470][  0]LogTargetPlatformManager: Display: Loaded TargetPlatform 'Android_DXT'
[2023.11.29-00.03.58:470][  0]LogTargetPlatformManager: Display: Loaded TargetPlatform 'Android_ETC2'
[2023.11.29-00.03.58:470][  0]LogTargetPlatformManager: Display: Loaded TargetPlatform 'AndroidClient'
[2023.11.29-00.03.58:470][  0]LogTargetPlatformManager: Display: Loaded TargetPlatform 'Android_ASTCClient'
[2023.11.29-00.03.58:470][  0]LogTargetPlatformManager: Display: Loaded TargetPlatform 'Android_DXTClient'
[2023.11.29-00.03.58:470][  0]LogTargetPlatformManager: Display: Loaded TargetPlatform 'Android_ETC2Client'
[2023.11.29-00.03.58:470][  0]LogTargetPlatformManager: Display: Loaded TargetPlatform 'Android_Multi'
[2023.11.29-00.03.58:470][  0]LogTargetPlatformManager: Display: Loaded TargetPlatform 'Android_MultiClient'
[2023.11.29-00.03.58:480][  0]LogTargetPlatformManager: Display: Loaded TargetPlatform 'IOSClient'
[2023.11.29-00.03.58:480][  0]LogTargetPlatformManager: Display: Loaded TargetPlatform 'IOS'
[2023.11.29-00.03.58:485][  0]LogTargetPlatformManager: Display: Loaded TargetPlatform 'Linux'
[2023.11.29-00.03.58:488][  0]LogTargetPlatformManager: Display: Loaded TargetPlatform 'LinuxNoEditor'
[2023.11.29-00.03.58:490][  0]LogTargetPlatformManager: Display: Loaded TargetPlatform 'LinuxClient'
[2023.11.29-00.03.58:493][  0]LogTargetPlatformManager: Display: Loaded TargetPlatform 'LinuxServer'
[2023.11.29-00.03.58:498][  0]LogTargetPlatformManager: Display: Loaded TargetPlatform 'LinuxAArch64NoEditor'
[2023.11.29-00.03.58:500][  0]LogTargetPlatformManager: Display: Loaded TargetPlatform 'LinuxAArch64Client'
[2023.11.29-00.03.58:503][  0]LogTargetPlatformManager: Display: Loaded TargetPlatform 'LinuxAArch64Server'
[2023.11.29-00.03.58:514][  0]LogTargetPlatformManager: Display: Loaded TargetPlatform 'Lumin'
[2023.11.29-00.03.58:514][  0]LogTargetPlatformManager: Display: Loaded TargetPlatform 'LuminClient'
[2023.11.29-00.03.58:519][  0]LogTargetPlatformManager: Display: Loaded TargetPlatform 'MacNoEditor'
[2023.11.29-00.03.58:521][  0]LogTargetPlatformManager: Display: Loaded TargetPlatform 'Mac'
[2023.11.29-00.03.58:524][  0]LogTargetPlatformManager: Display: Loaded TargetPlatform 'MacClient'
[2023.11.29-00.03.58:527][  0]LogTargetPlatformManager: Display: Loaded TargetPlatform 'MacServer'
[2023.11.29-00.03.58:532][  0]LogTargetPlatformManager: Display: Loaded TargetPlatform 'TVOSClient'
[2023.11.29-00.03.58:532][  0]LogTargetPlatformManager: Display: Loaded TargetPlatform 'TVOS'
[2023.11.29-00.03.58:536][  0]LogTargetPlatformManager: Display: Loaded TargetPlatform 'WindowsNoEditor'
[2023.11.29-00.03.58:539][  0]LogTargetPlatformManager: Display: Loaded TargetPlatform 'Windows'
[2023.11.29-00.03.58:542][  0]LogTargetPlatformManager: Display: Loaded TargetPlatform 'WindowsClient'
[2023.11.29-00.03.58:544][  0]LogTargetPlatformManager: Display: Loaded TargetPlatform 'WindowsServer'
[2023.11.29-00.03.58:544][  0]LogTargetPlatformManager: Display: Building Assets For Windows
[2023.11.29-00.03.58:548][  0]LogAudioDebug: Display: Lib vorbis DLL was dynamically loaded.
[2023.11.29-00.03.58:567][  0]LogTextureFormatOodle: Display: Oodle Texture 2.9.0 init RDO Off
[2023.11.29-00.03.58:588][  0]LogRendererCore: Ray tracing is disabled. Reason: r.RayTracing=0.
[2023.11.29-00.03.58:588][  0]LogShaderCompilers: Guid format shader working directory is 6 characters bigger than the processId version (../../../../29list/KarolH_BR/BALLRUNNER/Intermediate/Shaders/WorkingDirectory/20856/).
[2023.11.29-00.03.58:588][  0]LogShaderCompilers: Cleaned the shader compiler working directory 'C:/Users/Karol/AppData/Local/Temp/UnrealShaderWorkingDir/490362E7410869D8EC9A85BFC37C9488/'.
[2023.11.29-00.03.58:588][  0]LogXGEController: Cannot use XGE Controller as Incredibuild is not installed on this machine.
[2023.11.29-00.03.58:588][  0]LogShaderCompilers: Cannot use XGE Shader Compiler as Incredibuild is not installed on this machine.
[2023.11.29-00.03.58:588][  0]LogShaderCompilers: Display: Using Local Shader Compiler.
[2023.11.29-00.03.59:025][  0]LogDerivedDataCache: Display: Max Cache Size: 512 MB
[2023.11.29-00.03.59:064][  0]LogDerivedDataCache: Loaded boot cache 0.04s 94MB C:/Users/Karol/AppData/Local/UnrealEngine/4.27/DerivedDataCache/Boot.ddc.
[2023.11.29-00.03.59:064][  0]LogDerivedDataCache: Display: Loaded Boot cache: C:/Users/Karol/AppData/Local/UnrealEngine/4.27/DerivedDataCache/Boot.ddc
[2023.11.29-00.03.59:064][  0]LogDerivedDataCache: FDerivedDataBackendGraph:  Pak pak cache file ../../../../29list/KarolH_BR/BALLRUNNER/DerivedDataCache/DDC.ddp not found, will not use a pak cache.
[2023.11.29-00.03.59:064][  0]LogDerivedDataCache: Unable to find inner node Pak for hierarchical cache Hierarchy.
[2023.11.29-00.03.59:064][  0]LogDerivedDataCache: FDerivedDataBackendGraph:  CompressedPak pak cache file ../../../../29list/KarolH_BR/BALLRUNNER/DerivedDataCache/Compressed.ddp not found, will not use a pak cache.
[2023.11.29-00.03.59:064][  0]LogDerivedDataCache: Unable to find inner node CompressedPak for hierarchical cache Hierarchy.
[2023.11.29-00.03.59:075][  0]LogDerivedDataCache: Display: Pak cache opened for reading ../../../Engine/DerivedDataCache/Compressed.ddp.
[2023.11.29-00.03.59:075][  0]LogDerivedDataCache: FDerivedDataBackendGraph:  EnterprisePak pak cache file ../../../Enterprise/DerivedDataCache/Compressed.ddp not found, will not use a pak cache.
[2023.11.29-00.03.59:075][  0]LogDerivedDataCache: Unable to find inner node EnterprisePak for hierarchical cache Hierarchy.
[2023.11.29-00.03.59:078][  0]LogDerivedDataCache: Speed tests for C:/Users/Karol/AppData/Local/UnrealEngine/Common/DerivedDataCache took 0.00 seconds
[2023.11.29-00.03.59:079][  0]LogDerivedDataCache: Display: Performance to C:/Users/Karol/AppData/Local/UnrealEngine/Common/DerivedDataCache: Latency=0.02ms. RandomReadSpeed=2394.87MBs, RandomWriteSpeed=276.05MBs. Assigned SpeedClass 'Local'
[2023.11.29-00.03.59:079][  0]LogDerivedDataCache: Using Local data cache path C:/Users/Karol/AppData/Local/UnrealEngine/Common/DerivedDataCache: Writable
[2023.11.29-00.03.59:079][  0]LogDerivedDataCache: Shared data cache path not found in *engine.ini, will not use an Shared cache.
[2023.11.29-00.03.59:079][  0]LogDerivedDataCache: Unable to find inner node Shared for hierarchical cache Hierarchy.
[2023.11.29-00.03.59:104][  0]LogSlate: Using FreeType 2.10.0
[2023.11.29-00.03.59:104][  0]LogSlate: SlateFontServices - WITH_FREETYPE: 1, WITH_HARFBUZZ: 1
[2023.11.29-00.03.59:119][  0]LogAssetRegistry: FAssetRegistry took 0.0015 seconds to start up
[2023.11.29-00.03.59:241][  0]LogInit: Selected Device Profile: [Windows]
[2023.11.29-00.03.59:241][  0]LogInit: Active device profile: [000002314F248F00][000002314D459B40 49] Windows
[2023.11.29-00.03.59:241][  0]LogInit: Profiles: [000002314F248F00][000002314D459B40 49] Windows, [000002314F216600][0000023145428140 49] WindowsNoEditor, [000002314F249F00][000002314542C2C0 49] WindowsServer, [000002314F215700][000002314D45C400 49] WindowsClient, [000002314F249200][0000023145430540 49] IOS, [000002314F217C00][0000023145434680 49] iPadAir, [000002314F24B300][000002314D0607C0 49] iPadAir2, [000002314F1D1300][000002314D06CA80 49] IPadPro, [000002314F1D1400][000002314D068AC0 49] iPadAir3, [000002314F214B00][000002314D070C40 49] iPadAir4, [000002314F1D2100][000002314D074DC0 49] iPadMini2, [000002314F217600][000002314D078F40 49] iPadMini3, [000002314F1D2C00][000002314D07D0C0 49] iPadMini4, [000002314F216800][000002314D081240 49] iPadMini5, [000002314F1D8E00][000002314D089500 49] iPhone6, [000002314F1D8F00][000002314D085540 49] iPodTouch6, [000002314F24B700][000002314D091800 49] iPhone7, [000002314F24A800][000002314D08D840 49] iPodTouch7, [000002314F1D1100][000002314D0959C0 49] iPhone5S, [000002314F249100][000002314D099B40 49] iPhone6Plus, [000002314F1D2A00][000002314D09C140 49] iPhone6S, [000002314F249A00][000002314D0A02C0 49] iPhone6SPlus, [000002314F1D8100][000002314D0A4440 49] iPhone7Plus, [000002314F1D1D00][000002314D064580 49] iPhoneSE, [000002314F1D8C00][000002314D0A86C0 49] iPhone8, [000002314F1D0400][000002314F62E800 49] iPhone8Plus, [000002314F1DAA00][000002314F632940 49] iPhoneX, [000002314F1D3C00][000002314F63AAC0 49] iPhoneXS, [000002314F1DA900][000002314F63EC40 49] iPhoneXSMax, [000002314F1D0B00][000002314F642DC0 49] iPhoneXR, [000002314F24B800][000002314F646F40 49] iPhone11, [000002314F1D3D00][000002314F64B0C0 49] iPhone11Pro, [000002314F249B00][000002314F64F240 49] iPhone11ProMax, [000002314F1D1500][000002314F6533C0 49] iPhoneSE2, [000002314F249E00][000002314F657540 49] iPhone12Mini, [000002314F1D3100][000002314F65B6C0 49] iPhone12, [000002314F24B400][000002314F65F840 49] iPhone12Pro, [000002314F1D0D00][000002314F6639C0 49] iPhone12ProMax, [000002314F24BC00][000002314F667B40 49] iPadPro105, [000002314F1D3700][000002314F66A140 49] iPadPro129, [000002314F24AA00][000002314F66E2C0 49] iPadPro97, [000002314F1D0900][000002314F672440 49] iPadPro2_129, [000002314F248800][000002314F6765C0 49] iPad5, [000002314F1D1000][000002314F67A740 49] iPad6, [000002314F248400][000002314F636880 49] iPad7, [000002314F1D2B00][000002314F67E9C0 49] iPad8, [000002314F24B500][000002314F682B00 49] iPadPro11, [000002314F1D1800][000002314F68AC80 49] iPadPro2_11, [000002314F248900][000002314F68EE00 49] iPadPro3_129, [000002314F1D2800][000002314F692F80 49] iPadPro4_129, [000002314F24AE00][000002314F697100 49] AppleTV, [000002314F1D3E00][000002314F69B280 49] AppleTV4K, [000002314F248500][000002314F69F400 49] TVOS, [000002314F1D1700][000002314F6A3580 49] Mac, [000002314F24A300][000002314F6A7700 49] MacClient, [000002314F1D0800][000002314F6AB880 49] MacNoEditor, [000002314F249000][000002314F6AFA00 49] MacServer, [000002314F1D0500][000002314F6B3B80 49] Linux, [000002314F24AB00][000002314F6B6180 49] LinuxAArch64, [000002314F1D1600][000002314F6BA300 49] LinuxNoEditor, [000002314F24A100][000002314F6BE480 49] LinuxAArch64NoEditor, [000002314F1D3900][000002314F6C2600 49] LinuxClient, [000002314F24A600][000002314F6C6780 49] LinuxAArch64Client, [000002314F1D2300][000002314F6CA900 49] LinuxServer, [000002314F248700][000002314F686A40 49] LinuxAArch64Server, [000002314F1D1A00][000002314F6CEB80 49] Android, [000002314F24A200][000002314F6D2CC0 49] Android_Low, [000002314F1D1C00][000002314F6DAE40 49] Android_Mid, [000002314F249300][000002314F6DEFC0 49] Android_High, [000002314F1D0E00][000002314F6E3140 49] Android_Default, [000002314F24B600][000002314F6E72C0 49] Android_Adreno4xx, [000002314F1D0F00][000002314F6EB440 49] Android_Adreno5xx_Low, [000002314F24BB00][000002314F6EF5C0 49] Android_Adreno5xx, [000002314F1D3A00][000002314F6F3740 49] Android_Adreno6xx, [000002314F248B00][000002314F6F78C0 49] Android_Adreno6xx_Vulkan, [000002314F1D1900][000002314F6FBA40 49] Android_Mali_T6xx, [000002314F248A00][000002314F6FFBC0 49] Android_Mali_T7xx, [000002314F215600][000002314F7021C0 49] Android_Mali_T8xx, [000002314F1D8500][000002314F706340 49] Android_Mali_G71, [000002314F214600][000002314F70A4C0 49] Android_Mali_G72, [000002314F1D8300][000002314F70E640 49] Android_Mali_G72_Vulkan, [000002314F217500][000002314F7127C0 49] Android_Mali_G76, [000002314F1D9000][000002314F716940 49] Android_Mali_G76_Vulkan, [000002314F216200][000002314F71AAC0 49] Android_Mali_G77, [000002314F1DAF00][000002314F6D6C00 49] Android_Mali_G77_Vulkan, [000002314F214E00][000002314F71ED40 49] Android_Mali_G78, [000002314F1DB100][000002314F726E80 49] Android_Mali_G78_Vulkan, [000002314F214800][000002314F79AFC0 49] Android_Mali_G710, [000002314F1DAC00][000002314F7A7140 49] Android_Mali_G710_Vulkan, [000002314F217800][000002314F8292C0 49] Android_Vulkan_SM5, [000002314F1DB500][000002314F891440 49] Android_PowerVR_G6xxx, [000002314F215B00][000002314F9275C0 49] Android_PowerVR_GT7xxx, [000002314F1D9D00][00000231445B3740 49] Android_PowerVR_GE8xxx, [000002314F216F00][00000231445B78C0 49] Android_PowerVR_GM9xxx, [000002314F1D8800][00000231445BBA40 49] Android_PowerVR_GM9xxx_Vulkan, [000002314F217300][00000231445BFBC0 49] Android_TegraK1, [000002314F1D9200][00000231445C21C0 49] Android_Unknown_Vulkan, [000002314F216500][00000231445CE340 49] Lumin, [000002314F1DB700][00000231445D24C0 49] Lumin_Desktop, [000002314F216A00][00000231445D6640 49] HoloLens, 
[2023.11.29-00.03.59:312][  0]LogMeshReduction: Using QuadricMeshReduction for automatic static mesh reduction
[2023.11.29-00.03.59:312][  0]LogMeshReduction: Using SimplygonMeshReduction for automatic skeletal mesh reduction
[2023.11.29-00.03.59:312][  0]LogMeshReduction: Using ProxyLODMeshReduction for automatic mesh merging
[2023.11.29-00.03.59:312][  0]LogMeshReduction: No distributed automatic mesh merging module available
[2023.11.29-00.03.59:312][  0]LogMeshMerging: No distributed automatic mesh merging module available
[2023.11.29-00.03.59:319][  0]LogNetVersion: BALLRUNNER 1.0.0, NetCL: 17155196, EngineNetVer: 17, GameNetVer: 0 (Checksum: 2764683990)
[2023.11.29-00.03.59:511][  0]LogTexture: Default maximum texture size for cubemaps generated from long-lat sources has been changed from 512 to unlimited. In order to preserve old behaiour for '/Engine/MapTemplates/Sky/DaylightAmbientCubemap.DaylightAmbientCubemap', its maximum texture size has been explicitly set to 512.
[2023.11.29-00.03.59:543][  0]LogHMD: PokeAHoleMaterial loaded successfully
[2023.11.29-00.03.59:546][  0]LogUObjectArray: 17178 objects as part of root set at end of initial load.
[2023.11.29-00.03.59:546][  0]LogUObjectAllocator: 4302048 out of 0 bytes used by permanent object pool.
[2023.11.29-00.03.59:546][  0]LogUObjectArray: CloseDisregardForGC: 0/0 objects in disregard for GC pool
[2023.11.29-00.03.59:701][  0]LogNiagaraDebuggerClient: Niagara Debugger Client Initialized | Session: E9DA0E6048738C383CC1AAB427221036 | Instance: AEE8427E4801B4FD64224D87A1FC1F66 (DESKTOP-CNTPTIN-20856).
[2023.11.29-00.03.59:722][  0]LogPython: Using Python 3.7.7
[2023.11.29-00.04.00:031][  0]LogTcpMessaging: Initializing TcpMessaging bridge
[2023.11.29-00.04.00:034][  0]LogUdpMessaging: Initializing bridge on interface 0.0.0.0:0 to multicast group 230.0.0.1:6666.
[2023.11.29-00.04.00:124][  0]SourceControl: Source control is disabled
[2023.11.29-00.04.00:124][  0]SourceControl: Source control is disabled
[2023.11.29-00.04.00:127][  0]SourceControl: Source control is disabled
[2023.11.29-00.04.00:128][  0]SourceControl: Source control is disabled
[2023.11.29-00.04.00:134][  0]SourceControl: Source control is disabled
[2023.11.29-00.04.00:138][  0]LogUProjectInfo: Found projects:
[2023.11.29-00.04.00:262][  0]LogOpenImageDenoise: OIDN starting up
[2023.11.29-00.04.00:281][  0]LogAndroidPermission: UAndroidPermissionCallbackProxy::GetInstance
[2023.11.29-00.04.00:302][  0]LogAudioCaptureCore: Display: No Audio Capture implementations found. Audio input will be silent.
[2023.11.29-00.04.00:302][  0]LogAudioCaptureCore: Display: No Audio Capture implementations found. Audio input will be silent.
[2023.11.29-00.04.00:369][  0]LogCollectionManager: Loaded 0 collections in 0.000968 seconds
[2023.11.29-00.04.00:371][  0]LogFileCache: Scanning file cache for directory 'C:/Users/Karol/Desktop/29list/KarolH_BR/BALLRUNNER/Saved/Collections/' took 0.00s
[2023.11.29-00.04.00:371][  0]LogFileCache: Scanning file cache for directory 'C:/Users/Karol/Desktop/29list/KarolH_BR/BALLRUNNER/Content/Developers/Karol/Collections/' took 0.00s
[2023.11.29-00.04.00:371][  0]LogFileCache: Scanning file cache for directory 'C:/Users/Karol/Desktop/29list/KarolH_BR/BALLRUNNER/Content/Collections/' took 0.00s
[2023.11.29-00.04.00:383][  0]LogOcInput: OculusInput pre-init called
[2023.11.29-00.04.00:508][  0]LogEngine: Initializing Engine...
[2023.11.29-00.04.00:509][  0]LogHMD: Failed to enumerate extensions. Please check that you have a valid OpenXR runtime installed.
[2023.11.29-00.04.00:510][  0]LogHMD: Failed to initialize OpenVR with code 110
[2023.11.29-00.04.00:510][  0]LogMagicLeap: Warning: VR disabled because ZI is not enabled.  To enable, in the editor, Edit -> Project Settings -> Plugins -> Magic Leap Plugin -> Enable Zero Iteration
[2023.11.29-00.04.00:510][  0]LogStats: UGameplayTagsManager::InitializeManager -  0.000 s
[2023.11.29-00.04.00:575][  0]LogInit: Initializing FReadOnlyCVARCache
[2023.11.29-00.04.00:580][  0]LogAIModule: Creating AISystem for world Untitled
[2023.11.29-00.04.00:585][  0]LogAudio: Display: Initializing Audio Device Manager...
[2023.11.29-00.04.00:587][  0]LogAudio: Display: Loading Default Audio Settings Objects...
[2023.11.29-00.04.00:587][  0]LogAudio: Display: No default SoundConcurrencyObject specified (or failed to load).
[2023.11.29-00.04.00:588][  0]LogAudio: Display: Audio Device Manager Initialized
[2023.11.29-00.04.00:588][  0]LogAudio: Display: Creating Audio Device:                 Id: 1, Scope: Shared, Realtime: True
[2023.11.29-00.04.00:588][  0]LogAudioMixer: Display: Audio Mixer Platform Settings:
[2023.11.29-00.04.00:588][  0]LogAudioMixer: Display: 	Sample Rate:						  48000
[2023.11.29-00.04.00:588][  0]LogAudioMixer: Display: 	Callback Buffer Frame Size Requested: 1024
[2023.11.29-00.04.00:588][  0]LogAudioMixer: Display: 	Callback Buffer Frame Size To Use:	  1024
[2023.11.29-00.04.00:588][  0]LogAudioMixer: Display: 	Number of buffers to queue:			  2
[2023.11.29-00.04.00:588][  0]LogAudioMixer: Display: 	Max Channels (voices):				  32
[2023.11.29-00.04.00:588][  0]LogAudioMixer: Display: 	Number of Async Source Workers:		  0
[2023.11.29-00.04.00:588][  0]LogAudio: Display: AudioDevice MaxSources: 32
[2023.11.29-00.04.00:588][  0]LogAudio: Display: Audio Spatialization Plugin: None (built-in).
[2023.11.29-00.04.00:588][  0]LogAudio: Display: Audio Reverb Plugin: None (built-in).
[2023.11.29-00.04.00:588][  0]LogAudio: Display: Audio Occlusion Plugin: None (built-in).
[2023.11.29-00.04.00:588][  0]LogAudioMixer: Display: Initializing audio mixer.
[2023.11.29-00.04.00:593][  0]LogAudioMixer: Display: 0: FrontLeft
[2023.11.29-00.04.00:593][  0]LogAudioMixer: Display: 1: FrontRight
[2023.11.29-00.04.00:601][  0]LogAudioMixer: Display: Using Audio Device Głośniki (Realtek(R) Audio)
[2023.11.29-00.04.00:602][  0]LogAudioMixer: Display: Initializing Sound Submixes...
[2023.11.29-00.04.00:603][  0]LogAudioMixer: Display: Creating Master Submix 'MasterSubmixDefault'
[2023.11.29-00.04.00:603][  0]LogAudioMixer: Display: Creating Master Submix 'MasterReverbSubmixDefault'
[2023.11.29-00.04.00:604][  0]LogAudioMixer: Display: Creating Master Submix 'MasterEQSubmixDefault'
[2023.11.29-00.04.00:604][  0]LogAudioMixer: FMixerPlatformXAudio2::StartAudioStream() called
[2023.11.29-00.04.00:604][  0]LogAudioMixer: Display: Output buffers initialized: Frames=1024, Channels=2, Samples=2048
[2023.11.29-00.04.00:604][  0]LogAudioMixer: Display: Starting AudioMixerPlatformInterface::RunInternal()
[2023.11.29-00.04.00:604][  0]LogAudioMixer: Display: FMixerPlatformXAudio2::SubmitBuffer() called for the first time
[2023.11.29-00.04.00:604][  0]LogInit: FAudioDevice initialized.
[2023.11.29-00.04.00:604][  0]LogAudio: Display: Audio Device (ID: 1) registered with world 'Untitled'.
[2023.11.29-00.04.00:604][  0]LogNetVersion: Set ProjectVersion to 1.0.0.0. Version Checksum will be recalculated on next use.
[2023.11.29-00.04.00:637][  0]LogDerivedDataCache: Saved boot cache 0.03s 94MB C:/Users/Karol/AppData/Local/UnrealEngine/4.27/DerivedDataCache/Boot.ddc.
[2023.11.29-00.04.00:637][  0]LogInit: Texture streaming: Enabled
[2023.11.29-00.04.00:645][  0]LogAnalytics: Display: [UEEditor.Rocket.Release] APIServer = https://datarouter.ol.epicgames.com/. AppVersion = 4.27.2-18319896+++UE4+Release-4.27
[2023.11.29-00.04.00:648][  0]LogEngineSessionManager: EngineSessionManager initialized
[2023.11.29-00.04.00:648][  0]LogEditorSessionSummary: Verbose: Initializing EditorSessionSummaryWriter for editor session tracking
[2023.11.29-00.04.00:649][  0]LogEditorSessionSummary: EditorSessionSummaryWriter initialized
[2023.11.29-00.04.00:664][  0]LogInit: Transaction tracking system initialized
[2023.11.29-00.04.00:677][  0]BlueprintLog: New page: Editor Load
[2023.11.29-00.04.00:712][  0]LocalizationService: Localization service is disabled
[2023.11.29-00.04.00:725][  0]TimingProfiler: Initialize
[2023.11.29-00.04.00:725][  0]TimingProfiler: OnSessionChanged
[2023.11.29-00.04.00:725][  0]LoadingProfiler: Initialize
[2023.11.29-00.04.00:725][  0]LoadingProfiler: OnSessionChanged
[2023.11.29-00.04.00:725][  0]NetworkingProfiler: Initialize
[2023.11.29-00.04.00:725][  0]NetworkingProfiler: OnSessionChanged
[2023.11.29-00.04.00:725][  0]MemoryProfiler: Initialize
[2023.11.29-00.04.00:725][  0]MemoryProfiler: OnSessionChanged
[2023.11.29-00.04.00:809][  0]LogCook: Display: CookSettings for Memory: MemoryMaxUsedVirtual 0MiB, MemoryMaxUsedPhysical 16384MiB, MemoryMinFreeVirtual 0MiB, MemoryMinFreePhysical 1024MiB
[2023.11.29-00.04.00:809][  0]LogFileCache: Scanning file cache for directory 'C:/Users/Karol/Desktop/29list/KarolH_BR/BALLRUNNER/Content/' took 0.00s
[2023.11.29-00.04.00:809][  0]LogCook: Display: Mobile HDR setting 1
[2023.11.29-00.04.01:011][  0]LogInit: Display: Engine is initialized. Leaving FEngineLoop::Init()
[2023.11.29-00.04.01:013][  0]SourceControl: Source control is disabled
[2023.11.29-00.04.01:013][  0]LogUnrealEdMisc: Loading editor; pre map load, took 3.481
[2023.11.29-00.04.01:013][  0]Cmd: MAP LOAD FILE="../../../Engine/Content/Maps/Templates/Template_Default.umap" TEMPLATE=1 SHOWPROGRESS=1 FEATURELEVEL=3
[2023.11.29-00.04.01:013][  0]LightingResults: New page: Lighting Build
[2023.11.29-00.04.01:014][  0]LogWorld: UWorld::CleanupWorld for Untitled, bSessionEnded=true, bCleanupResources=true
[2023.11.29-00.04.01:014][  0]LogSlate: InvalidateAllWidgets triggered.  All widgets were invalidated
[2023.11.29-00.04.01:014][  0]MapCheck: New page: Map Check
[2023.11.29-00.04.01:014][  0]LightingResults: New page: Lighting Build
[2023.11.29-00.04.01:017][  0]LogAudio: Display: Audio Device unregistered from world 'None'.
[2023.11.29-00.04.01:019][  0]LogUObjectHash: Compacting FUObjectHashTables data took   0.40ms
[2023.11.29-00.04.01:042][  0]LogTexture: Display: Building textures: DeprecatedTextureEB9CBE3C423008B5E8E130901E171C89 (BGRA8, 128X128)
[2023.11.29-00.04.01:046][  0]LogAudio: Display: Audio Device (ID: 1) registered with world 'Untitled_1'.
[2023.11.29-00.04.01:046][  0]LogAIModule: Creating AISystem for world Untitled_1
[2023.11.29-00.04.01:048][  0]LogEditorServer: Finished looking for orphan Actors (0.000 secs)
[2023.11.29-00.04.01:051][  0]LogUObjectHash: Compacting FUObjectHashTables data took   0.42ms
[2023.11.29-00.04.01:052][  0]Cmd: MAP CHECKDEP NOCLEARLOG
[2023.11.29-00.04.01:052][  0]MapCheck: Map check complete: 0 Error(s), 0 Warning(s), took 0,076ms to complete.
[2023.11.29-00.04.01:052][  0]LogFileHelpers: Loading map 'Template_Default' took 0.039
[2023.11.29-00.04.01:053][  0]LogUnrealEdMisc: Total Editor Startup Time, took 3.521
[2023.11.29-00.04.01:173][  0]LogSlate: Updating window title bar state: overlay mode, drag disabled, window buttons hidden, title bar hidden
[2023.11.29-00.04.01:176][  0]LogSlate: Updating window title bar state: overlay mode, drag disabled, window buttons hidden, title bar hidden
[2023.11.29-00.04.01:180][  0]LogSlate: Updating window title bar state: overlay mode, drag disabled, window buttons hidden, title bar hidden
[2023.11.29-00.04.01:183][  0]LogSlate: Updating window title bar state: overlay mode, drag disabled, window buttons hidden, title bar hidden
[2023.11.29-00.04.01:190][  0]LogNativeClassHierarchy: Verbose: Native class hierarchy populated in 0.0051 seconds. Added 3822 classes and 928 folders.
[2023.11.29-00.04.01:191][  0]LogNativeClassHierarchy: Verbose: Native class hierarchy updated for 'WidgetCarousel' in 0.0002 seconds. Added 0 classes and 0 folders.
[2023.11.29-00.04.01:192][  0]LogPakFile: PakFile PrimaryIndexSize=187
[2023.11.29-00.04.01:192][  0]LogPakFile: PakFile PathHashIndexSize=101
[2023.11.29-00.04.01:192][  0]LogPakFile: PakFile FullDirectoryIndexSize=148
[2023.11.29-00.04.01:192][  0]LogShaderLibrary: Display: ShaderCodeLibraryPakFileMountedCallback: PakFile 'C:/Users/Karol/Desktop/UE_4.27/FeaturePacks/FP_FirstPerson.upack' (chunk index -1, root 'root:/') mounted
[2023.11.29-00.04.01:192][  0]LogShaderLibrary: Display: ShaderCodeLibraryPakFileMountedCallback: pending pak file info (ChunkID:-1 Root:root:/ File:C:/Users/Karol/Desktop/UE_4.27/FeaturePacks/FP_FirstPerson.upack)
[2023.11.29-00.04.01:192][  0]LogPakFile: OnPakFileMounted2Time == 0.000041
[2023.11.29-00.04.01:192][  0]LogPakFile: PakFile PrimaryIndexSize=189
[2023.11.29-00.04.01:192][  0]LogPakFile: PakFile PathHashIndexSize=101
[2023.11.29-00.04.01:192][  0]LogPakFile: PakFile FullDirectoryIndexSize=152
[2023.11.29-00.04.01:192][  0]LogShaderLibrary: Display: ShaderCodeLibraryPakFileMountedCallback: PakFile 'C:/Users/Karol/Desktop/UE_4.27/FeaturePacks/FP_FirstPersonBP.upack' (chunk index -1, root 'root:/') mounted
[2023.11.29-00.04.01:192][  0]LogShaderLibrary: Display: ShaderCodeLibraryPakFileMountedCallback: pending pak file info (ChunkID:-1 Root:root:/ File:C:/Users/Karol/Desktop/UE_4.27/FeaturePacks/FP_FirstPersonBP.upack)
[2023.11.29-00.04.01:192][  0]LogPakFile: OnPakFileMounted2Time == 0.000018
[2023.11.29-00.04.01:192][  0]LogPakFile: PakFile PrimaryIndexSize=191
[2023.11.29-00.04.01:192][  0]LogPakFile: PakFile PathHashIndexSize=101
[2023.11.29-00.04.01:192][  0]LogPakFile: PakFile FullDirectoryIndexSize=160
[2023.11.29-00.04.01:192][  0]LogShaderLibrary: Display: ShaderCodeLibraryPakFileMountedCallback: PakFile 'C:/Users/Karol/Desktop/UE_4.27/FeaturePacks/MobileStarterContent.upack' (chunk index -1, root 'root:/') mounted
[2023.11.29-00.04.01:192][  0]LogShaderLibrary: Display: ShaderCodeLibraryPakFileMountedCallback: pending pak file info (ChunkID:-1 Root:root:/ File:C:/Users/Karol/Desktop/UE_4.27/FeaturePacks/MobileStarterContent.upack)
[2023.11.29-00.04.01:192][  0]LogPakFile: OnPakFileMounted2Time == 0.000016
[2023.11.29-00.04.01:192][  0]LogPakFile: PakFile PrimaryIndexSize=185
[2023.11.29-00.04.01:192][  0]LogPakFile: PakFile PathHashIndexSize=101
[2023.11.29-00.04.01:192][  0]LogPakFile: PakFile FullDirectoryIndexSize=148
[2023.11.29-00.04.01:192][  0]LogShaderLibrary: Display: ShaderCodeLibraryPakFileMountedCallback: PakFile 'C:/Users/Karol/Desktop/UE_4.27/FeaturePacks/StarterContent.upack' (chunk index -1, root 'root:/') mounted
[2023.11.29-00.04.01:192][  0]LogShaderLibrary: Display: ShaderCodeLibraryPakFileMountedCallback: pending pak file info (ChunkID:-1 Root:root:/ File:C:/Users/Karol/Desktop/UE_4.27/FeaturePacks/StarterContent.upack)
[2023.11.29-00.04.01:192][  0]LogPakFile: OnPakFileMounted2Time == 0.000017
[2023.11.29-00.04.01:193][  0]LogPakFile: PakFile PrimaryIndexSize=190
[2023.11.29-00.04.01:193][  0]LogPakFile: PakFile PathHashIndexSize=101
[2023.11.29-00.04.01:193][  0]LogPakFile: PakFile FullDirectoryIndexSize=154
[2023.11.29-00.04.01:193][  0]LogShaderLibrary: Display: ShaderCodeLibraryPakFileMountedCallback: PakFile 'C:/Users/Karol/Desktop/UE_4.27/FeaturePacks/TP_2DSideScroller.upack' (chunk index -1, root 'root:/') mounted
[2023.11.29-00.04.01:193][  0]LogShaderLibrary: Display: ShaderCodeLibraryPakFileMountedCallback: pending pak file info (ChunkID:-1 Root:root:/ File:C:/Users/Karol/Desktop/UE_4.27/FeaturePacks/TP_2DSideScroller.upack)
[2023.11.29-00.04.01:193][  0]LogPakFile: OnPakFileMounted2Time == 0.000015
[2023.11.29-00.04.01:193][  0]LogPakFile: PakFile PrimaryIndexSize=192
[2023.11.29-00.04.01:193][  0]LogPakFile: PakFile PathHashIndexSize=101
[2023.11.29-00.04.01:193][  0]LogPakFile: PakFile FullDirectoryIndexSize=158
[2023.11.29-00.04.01:193][  0]LogShaderLibrary: Display: ShaderCodeLibraryPakFileMountedCallback: PakFile 'C:/Users/Karol/Desktop/UE_4.27/FeaturePacks/TP_2DSideScrollerBP.upack' (chunk index -1, root 'root:/') mounted
[2023.11.29-00.04.01:193][  0]LogShaderLibrary: Display: ShaderCodeLibraryPakFileMountedCallback: pending pak file info (ChunkID:-1 Root:root:/ File:C:/Users/Karol/Desktop/UE_4.27/FeaturePacks/TP_2DSideScrollerBP.upack)
[2023.11.29-00.04.01:193][  0]LogPakFile: OnPakFileMounted2Time == 0.000018
[2023.11.29-00.04.01:193][  0]LogPakFile: PakFile PrimaryIndexSize=182
[2023.11.29-00.04.01:193][  0]LogPakFile: PakFile PathHashIndexSize=101
[2023.11.29-00.04.01:193][  0]LogPakFile: PakFile FullDirectoryIndexSize=138
[2023.11.29-00.04.01:193][  0]LogShaderLibrary: Display: ShaderCodeLibraryPakFileMountedCallback: PakFile 'C:/Users/Karol/Desktop/UE_4.27/FeaturePacks/TP_Flying.upack' (chunk index -1, root 'root:/') mounted
[2023.11.29-00.04.01:193][  0]LogShaderLibrary: Display: ShaderCodeLibraryPakFileMountedCallback: pending pak file info (ChunkID:-1 Root:root:/ File:C:/Users/Karol/Desktop/UE_4.27/FeaturePacks/TP_Flying.upack)
[2023.11.29-00.04.01:193][  0]LogPakFile: OnPakFileMounted2Time == 0.000015
[2023.11.29-00.04.01:193][  0]LogPakFile: PakFile PrimaryIndexSize=184
[2023.11.29-00.04.01:193][  0]LogPakFile: PakFile PathHashIndexSize=101
[2023.11.29-00.04.01:193][  0]LogPakFile: PakFile FullDirectoryIndexSize=142
[2023.11.29-00.04.01:193][  0]LogShaderLibrary: Display: ShaderCodeLibraryPakFileMountedCallback: PakFile 'C:/Users/Karol/Desktop/UE_4.27/FeaturePacks/TP_FlyingBP.upack' (chunk index -1, root 'root:/') mounted
[2023.11.29-00.04.01:193][  0]LogShaderLibrary: Display: ShaderCodeLibraryPakFileMountedCallback: pending pak file info (ChunkID:-1 Root:root:/ File:C:/Users/Karol/Desktop/UE_4.27/FeaturePacks/TP_FlyingBP.upack)
[2023.11.29-00.04.01:193][  0]LogPakFile: OnPakFileMounted2Time == 0.000015
[2023.11.29-00.04.01:193][  0]LogPakFile: PakFile PrimaryIndexSize=188
[2023.11.29-00.04.01:193][  0]LogPakFile: PakFile PathHashIndexSize=101
[2023.11.29-00.04.01:193][  0]LogPakFile: PakFile FullDirectoryIndexSize=150
[2023.11.29-00.04.01:193][  0]LogShaderLibrary: Display: ShaderCodeLibraryPakFileMountedCallback: PakFile 'C:/Users/Karol/Desktop/UE_4.27/FeaturePacks/TP_HandheldARBP.upack' (chunk index -1, root 'root:/') mounted
[2023.11.29-00.04.01:193][  0]LogShaderLibrary: Display: ShaderCodeLibraryPakFileMountedCallback: pending pak file info (ChunkID:-1 Root:root:/ File:C:/Users/Karol/Desktop/UE_4.27/FeaturePacks/TP_HandheldARBP.upack)
[2023.11.29-00.04.01:193][  0]LogPakFile: OnPakFileMounted2Time == 0.000015
[2023.11.29-00.04.01:194][  0]LogPakFile: PakFile PrimaryIndexSize=182
[2023.11.29-00.04.01:194][  0]LogPakFile: PakFile PathHashIndexSize=101
[2023.11.29-00.04.01:194][  0]LogPakFile: PakFile FullDirectoryIndexSize=138
[2023.11.29-00.04.01:194][  0]LogShaderLibrary: Display: ShaderCodeLibraryPakFileMountedCallback: PakFile 'C:/Users/Karol/Desktop/UE_4.27/FeaturePacks/TP_Puzzle.upack' (chunk index -1, root 'root:/') mounted
[2023.11.29-00.04.01:194][  0]LogShaderLibrary: Display: ShaderCodeLibraryPakFileMountedCallback: pending pak file info (ChunkID:-1 Root:root:/ File:C:/Users/Karol/Desktop/UE_4.27/FeaturePacks/TP_Puzzle.upack)
[2023.11.29-00.04.01:194][  0]LogPakFile: OnPakFileMounted2Time == 0.000016
[2023.11.29-00.04.01:194][  0]LogPakFile: PakFile PrimaryIndexSize=184
[2023.11.29-00.04.01:194][  0]LogPakFile: PakFile PathHashIndexSize=101
[2023.11.29-00.04.01:194][  0]LogPakFile: PakFile FullDirectoryIndexSize=142
[2023.11.29-00.04.01:194][  0]LogShaderLibrary: Display: ShaderCodeLibraryPakFileMountedCallback: PakFile 'C:/Users/Karol/Desktop/UE_4.27/FeaturePacks/TP_PuzzleBP.upack' (chunk index -1, root 'root:/') mounted
[2023.11.29-00.04.01:194][  0]LogShaderLibrary: Display: ShaderCodeLibraryPakFileMountedCallback: pending pak file info (ChunkID:-1 Root:root:/ File:C:/Users/Karol/Desktop/UE_4.27/FeaturePacks/TP_PuzzleBP.upack)
[2023.11.29-00.04.01:194][  0]LogPakFile: OnPakFileMounted2Time == 0.000014
[2023.11.29-00.04.01:194][  0]LogPakFile: PakFile PrimaryIndexSize=183
[2023.11.29-00.04.01:194][  0]LogPakFile: PakFile PathHashIndexSize=101
[2023.11.29-00.04.01:194][  0]LogPakFile: PakFile FullDirectoryIndexSize=140
[2023.11.29-00.04.01:194][  0]LogShaderLibrary: Display: ShaderCodeLibraryPakFileMountedCallback: PakFile 'C:/Users/Karol/Desktop/UE_4.27/FeaturePacks/TP_Rolling.upack' (chunk index -1, root 'root:/') mounted
[2023.11.29-00.04.01:194][  0]LogShaderLibrary: Display: ShaderCodeLibraryPakFileMountedCallback: pending pak file info (ChunkID:-1 Root:root:/ File:C:/Users/Karol/Desktop/UE_4.27/FeaturePacks/TP_Rolling.upack)
[2023.11.29-00.04.01:194][  0]LogPakFile: OnPakFileMounted2Time == 0.000015
[2023.11.29-00.04.01:194][  0]LogPakFile: PakFile PrimaryIndexSize=185
[2023.11.29-00.04.01:194][  0]LogPakFile: PakFile PathHashIndexSize=101
[2023.11.29-00.04.01:194][  0]LogPakFile: PakFile FullDirectoryIndexSize=144
[2023.11.29-00.04.01:194][  0]LogShaderLibrary: Display: ShaderCodeLibraryPakFileMountedCallback: PakFile 'C:/Users/Karol/Desktop/UE_4.27/FeaturePacks/TP_RollingBP.upack' (chunk index -1, root 'root:/') mounted
[2023.11.29-00.04.01:194][  0]LogShaderLibrary: Display: ShaderCodeLibraryPakFileMountedCallback: pending pak file info (ChunkID:-1 Root:root:/ File:C:/Users/Karol/Desktop/UE_4.27/FeaturePacks/TP_RollingBP.upack)
[2023.11.29-00.04.01:194][  0]LogPakFile: OnPakFileMounted2Time == 0.000014
[2023.11.29-00.04.01:195][  0]LogPakFile: PakFile PrimaryIndexSize=188
[2023.11.29-00.04.01:195][  0]LogPakFile: PakFile PathHashIndexSize=101
[2023.11.29-00.04.01:195][  0]LogPakFile: PakFile FullDirectoryIndexSize=150
[2023.11.29-00.04.01:195][  0]LogShaderLibrary: Display: ShaderCodeLibraryPakFileMountedCallback: PakFile 'C:/Users/Karol/Desktop/UE_4.27/FeaturePacks/TP_SideScroller.upack' (chunk index -1, root 'root:/') mounted
[2023.11.29-00.04.01:195][  0]LogShaderLibrary: Display: ShaderCodeLibraryPakFileMountedCallback: pending pak file info (ChunkID:-1 Root:root:/ File:C:/Users/Karol/Desktop/UE_4.27/FeaturePacks/TP_SideScroller.upack)
[2023.11.29-00.04.01:195][  0]LogPakFile: OnPakFileMounted2Time == 0.000015
[2023.11.29-00.04.01:195][  0]LogPakFile: PakFile PrimaryIndexSize=190
[2023.11.29-00.04.01:195][  0]LogPakFile: PakFile PathHashIndexSize=101
[2023.11.29-00.04.01:195][  0]LogPakFile: PakFile FullDirectoryIndexSize=154
[2023.11.29-00.04.01:195][  0]LogShaderLibrary: Display: ShaderCodeLibraryPakFileMountedCallback: PakFile 'C:/Users/Karol/Desktop/UE_4.27/FeaturePacks/TP_SideScrollerBP.upack' (chunk index -1, root 'root:/') mounted
[2023.11.29-00.04.01:195][  0]LogShaderLibrary: Display: ShaderCodeLibraryPakFileMountedCallback: pending pak file info (ChunkID:-1 Root:root:/ File:C:/Users/Karol/Desktop/UE_4.27/FeaturePacks/TP_SideScrollerBP.upack)
[2023.11.29-00.04.01:195][  0]LogPakFile: OnPakFileMounted2Time == 0.000016
[2023.11.29-00.04.01:195][  0]LogPakFile: PakFile PrimaryIndexSize=187
[2023.11.29-00.04.01:195][  0]LogPakFile: PakFile PathHashIndexSize=101
[2023.11.29-00.04.01:195][  0]LogPakFile: PakFile FullDirectoryIndexSize=148
[2023.11.29-00.04.01:195][  0]LogShaderLibrary: Display: ShaderCodeLibraryPakFileMountedCallback: PakFile 'C:/Users/Karol/Desktop/UE_4.27/FeaturePacks/TP_ThirdPerson.upack' (chunk index -1, root 'root:/') mounted
[2023.11.29-00.04.01:195][  0]LogShaderLibrary: Display: ShaderCodeLibraryPakFileMountedCallback: pending pak file info (ChunkID:-1 Root:root:/ File:C:/Users/Karol/Desktop/UE_4.27/FeaturePacks/TP_ThirdPerson.upack)
[2023.11.29-00.04.01:195][  0]LogPakFile: OnPakFileMounted2Time == 0.000015
[2023.11.29-00.04.01:195][  0]LogPakFile: PakFile PrimaryIndexSize=189
[2023.11.29-00.04.01:195][  0]LogPakFile: PakFile PathHashIndexSize=101
[2023.11.29-00.04.01:195][  0]LogPakFile: PakFile FullDirectoryIndexSize=152
[2023.11.29-00.04.01:195][  0]LogShaderLibrary: Display: ShaderCodeLibraryPakFileMountedCallback: PakFile 'C:/Users/Karol/Desktop/UE_4.27/FeaturePacks/TP_ThirdPersonBP.upack' (chunk index -1, root 'root:/') mounted
[2023.11.29-00.04.01:195][  0]LogShaderLibrary: Display: ShaderCodeLibraryPakFileMountedCallback: pending pak file info (ChunkID:-1 Root:root:/ File:C:/Users/Karol/Desktop/UE_4.27/FeaturePacks/TP_ThirdPersonBP.upack)
[2023.11.29-00.04.01:195][  0]LogPakFile: OnPakFileMounted2Time == 0.000016
[2023.11.29-00.04.01:195][  0]LogPakFile: PakFile PrimaryIndexSize=183
[2023.11.29-00.04.01:195][  0]LogPakFile: PakFile PathHashIndexSize=101
[2023.11.29-00.04.01:195][  0]LogPakFile: PakFile FullDirectoryIndexSize=140
[2023.11.29-00.04.01:195][  0]LogShaderLibrary: Display: ShaderCodeLibraryPakFileMountedCallback: PakFile 'C:/Users/Karol/Desktop/UE_4.27/FeaturePacks/TP_TopDown.upack' (chunk index -1, root 'root:/') mounted
[2023.11.29-00.04.01:195][  0]LogShaderLibrary: Display: ShaderCodeLibraryPakFileMountedCallback: pending pak file info (ChunkID:-1 Root:root:/ File:C:/Users/Karol/Desktop/UE_4.27/FeaturePacks/TP_TopDown.upack)
[2023.11.29-00.04.01:195][  0]LogPakFile: OnPakFileMounted2Time == 0.000018
[2023.11.29-00.04.01:196][  0]LogPakFile: PakFile PrimaryIndexSize=185
[2023.11.29-00.04.01:196][  0]LogPakFile: PakFile PathHashIndexSize=101
[2023.11.29-00.04.01:196][  0]LogPakFile: PakFile FullDirectoryIndexSize=144
[2023.11.29-00.04.01:196][  0]LogShaderLibrary: Display: ShaderCodeLibraryPakFileMountedCallback: PakFile 'C:/Users/Karol/Desktop/UE_4.27/FeaturePacks/TP_TopDownBP.upack' (chunk index -1, root 'root:/') mounted
[2023.11.29-00.04.01:196][  0]LogShaderLibrary: Display: ShaderCodeLibraryPakFileMountedCallback: pending pak file info (ChunkID:-1 Root:root:/ File:C:/Users/Karol/Desktop/UE_4.27/FeaturePacks/TP_TopDownBP.upack)
[2023.11.29-00.04.01:196][  0]LogPakFile: OnPakFileMounted2Time == 0.000014
[2023.11.29-00.04.01:196][  0]LogPakFile: PakFile PrimaryIndexSize=185
[2023.11.29-00.04.01:196][  0]LogPakFile: PakFile PathHashIndexSize=101
[2023.11.29-00.04.01:196][  0]LogPakFile: PakFile FullDirectoryIndexSize=144
[2023.11.29-00.04.01:196][  0]LogShaderLibrary: Display: ShaderCodeLibraryPakFileMountedCallback: PakFile 'C:/Users/Karol/Desktop/UE_4.27/FeaturePacks/TP_TwinStick.upack' (chunk index -1, root 'root:/') mounted
[2023.11.29-00.04.01:196][  0]LogShaderLibrary: Display: ShaderCodeLibraryPakFileMountedCallback: pending pak file info (ChunkID:-1 Root:root:/ File:C:/Users/Karol/Desktop/UE_4.27/FeaturePacks/TP_TwinStick.upack)
[2023.11.29-00.04.01:196][  0]LogPakFile: OnPakFileMounted2Time == 0.000014
[2023.11.29-00.04.01:196][  0]LogPakFile: PakFile PrimaryIndexSize=187
[2023.11.29-00.04.01:196][  0]LogPakFile: PakFile PathHashIndexSize=101
[2023.11.29-00.04.01:196][  0]LogPakFile: PakFile FullDirectoryIndexSize=148
[2023.11.29-00.04.01:196][  0]LogShaderLibrary: Display: ShaderCodeLibraryPakFileMountedCallback: PakFile 'C:/Users/Karol/Desktop/UE_4.27/FeaturePacks/TP_TwinStickBP.upack' (chunk index -1, root 'root:/') mounted
[2023.11.29-00.04.01:196][  0]LogShaderLibrary: Display: ShaderCodeLibraryPakFileMountedCallback: pending pak file info (ChunkID:-1 Root:root:/ File:C:/Users/Karol/Desktop/UE_4.27/FeaturePacks/TP_TwinStickBP.upack)
[2023.11.29-00.04.01:196][  0]LogPakFile: OnPakFileMounted2Time == 0.000015
[2023.11.29-00.04.01:196][  0]LogPakFile: PakFile PrimaryIndexSize=183
[2023.11.29-00.04.01:196][  0]LogPakFile: PakFile PathHashIndexSize=101
[2023.11.29-00.04.01:196][  0]LogPakFile: PakFile FullDirectoryIndexSize=140
[2023.11.29-00.04.01:196][  0]LogShaderLibrary: Display: ShaderCodeLibraryPakFileMountedCallback: PakFile 'C:/Users/Karol/Desktop/UE_4.27/FeaturePacks/TP_Vehicle.upack' (chunk index -1, root 'root:/') mounted
[2023.11.29-00.04.01:196][  0]LogShaderLibrary: Display: ShaderCodeLibraryPakFileMountedCallback: pending pak file info (ChunkID:-1 Root:root:/ File:C:/Users/Karol/Desktop/UE_4.27/FeaturePacks/TP_Vehicle.upack)
[2023.11.29-00.04.01:196][  0]LogPakFile: OnPakFileMounted2Time == 0.000014
[2023.11.29-00.04.01:196][  0]LogPakFile: PakFile PrimaryIndexSize=186
[2023.11.29-00.04.01:196][  0]LogPakFile: PakFile PathHashIndexSize=101
[2023.11.29-00.04.01:196][  0]LogPakFile: PakFile FullDirectoryIndexSize=146
[2023.11.29-00.04.01:196][  0]LogShaderLibrary: Display: ShaderCodeLibraryPakFileMountedCallback: PakFile 'C:/Users/Karol/Desktop/UE_4.27/FeaturePacks/TP_VehicleAdv.upack' (chunk index -1, root 'root:/') mounted
[2023.11.29-00.04.01:196][  0]LogShaderLibrary: Display: ShaderCodeLibraryPakFileMountedCallback: pending pak file info (ChunkID:-1 Root:root:/ File:C:/Users/Karol/Desktop/UE_4.27/FeaturePacks/TP_VehicleAdv.upack)
[2023.11.29-00.04.01:196][  0]LogPakFile: OnPakFileMounted2Time == 0.000015
[2023.11.29-00.04.01:197][  0]LogPakFile: PakFile PrimaryIndexSize=188
[2023.11.29-00.04.01:197][  0]LogPakFile: PakFile PathHashIndexSize=101
[2023.11.29-00.04.01:197][  0]LogPakFile: PakFile FullDirectoryIndexSize=150
[2023.11.29-00.04.01:197][  0]LogShaderLibrary: Display: ShaderCodeLibraryPakFileMountedCallback: PakFile 'C:/Users/Karol/Desktop/UE_4.27/FeaturePacks/TP_VehicleAdvBP.upack' (chunk index -1, root 'root:/') mounted
[2023.11.29-00.04.01:197][  0]LogShaderLibrary: Display: ShaderCodeLibraryPakFileMountedCallback: pending pak file info (ChunkID:-1 Root:root:/ File:C:/Users/Karol/Desktop/UE_4.27/FeaturePacks/TP_VehicleAdvBP.upack)
[2023.11.29-00.04.01:197][  0]LogPakFile: OnPakFileMounted2Time == 0.000018
[2023.11.29-00.04.01:197][  0]LogPakFile: PakFile PrimaryIndexSize=185
[2023.11.29-00.04.01:197][  0]LogPakFile: PakFile PathHashIndexSize=101
[2023.11.29-00.04.01:197][  0]LogPakFile: PakFile FullDirectoryIndexSize=144
[2023.11.29-00.04.01:197][  0]LogShaderLibrary: Display: ShaderCodeLibraryPakFileMountedCallback: PakFile 'C:/Users/Karol/Desktop/UE_4.27/FeaturePacks/TP_VehicleBP.upack' (chunk index -1, root 'root:/') mounted
[2023.11.29-00.04.01:197][  0]LogShaderLibrary: Display: ShaderCodeLibraryPakFileMountedCallback: pending pak file info (ChunkID:-1 Root:root:/ File:C:/Users/Karol/Desktop/UE_4.27/FeaturePacks/TP_VehicleBP.upack)
[2023.11.29-00.04.01:197][  0]LogPakFile: OnPakFileMounted2Time == 0.000015
[2023.11.29-00.04.01:198][  0]LogPakFile: PakFile PrimaryIndexSize=192
[2023.11.29-00.04.01:198][  0]LogPakFile: PakFile PathHashIndexSize=101
[2023.11.29-00.04.01:198][  0]LogPakFile: PakFile FullDirectoryIndexSize=158
[2023.11.29-00.04.01:198][  0]LogShaderLibrary: Display: ShaderCodeLibraryPakFileMountedCallback: PakFile 'C:/Users/Karol/Desktop/UE_4.27/FeaturePacks/TP_VirtualRealityBP.upack' (chunk index -1, root 'root:/') mounted
[2023.11.29-00.04.01:198][  0]LogShaderLibrary: Display: ShaderCodeLibraryPakFileMountedCallback: pending pak file info (ChunkID:-1 Root:root:/ File:C:/Users/Karol/Desktop/UE_4.27/FeaturePacks/TP_VirtualRealityBP.upack)
[2023.11.29-00.04.01:198][  0]LogPakFile: OnPakFileMounted2Time == 0.000016
[2023.11.29-00.04.01:214][  0]LogNativeClassHierarchy: Verbose: Native class hierarchy updated for 'AddContentDialog' in 0.0002 seconds. Added 0 classes and 0 folders.
[2023.11.29-00.04.01:215][  0]LogNativeClassHierarchy: Verbose: Native class hierarchy updated for 'SceneOutliner' in 0.0001 seconds. Added 2 classes and 0 folders.
[2023.11.29-00.04.01:231][  0]LogNativeClassHierarchy: Verbose: Native class hierarchy updated for 'HierarchicalLODOutliner' in 0.0001 seconds. Added 0 classes and 0 folders.
[2023.11.29-00.04.01:231][  0]LogLoad: (Engine Initialization) Total time: 3.70 seconds
[2023.11.29-00.04.01:231][  0]LogLoad: (Engine Initialization) Total Blueprint compile time: 0.00 seconds
[2023.11.29-00.04.01:255][  0]LogAssetRegistry: Asset discovery search completed in 2.1368 seconds
[2023.11.29-00.04.01:258][  0]LogCollectionManager: Fixed up redirectors for 0 collections in 0.000002 seconds (updated 0 objects)
[2023.11.29-00.04.01:258][  0]LogContentStreaming: Texture pool size now 1000 MB
[2023.11.29-00.04.01:261][  0]LogSlate: Took 0.000082 seconds to synchronously load lazily loaded font '../../../Engine/Content/Slate/Fonts/Roboto-Regular.ttf' (155K)
[2023.11.29-00.04.01:261][  0]LogSlate: Took 0.000060 seconds to synchronously load lazily loaded font '../../../Engine/Content/Editor/Slate/Fonts/FontAwesome.ttf' (139K)
[2023.11.29-00.04.01:262][  0]LogSlate: Took 0.000063 seconds to synchronously load lazily loaded font '../../../Engine/Content/Slate/Fonts/Roboto-Bold.ttf' (160K)
[2023.11.29-00.04.01:336][  0]LogRenderer: Reallocating scene render targets to support 784x376 Format 10 NumSamples 1 (Frame:1).
[2023.11.29-00.04.09:483][956]LogRenderer: Reallocating scene render targets to support 1184x592 Format 10 NumSamples 1 (Frame:948).
[2023.11.29-00.04.10:707][ 89]LogEditorViewport: Clicking on Actor (LMB): StaticMeshActor (Floor)
[2023.11.29-00.05.53:794][353]LogContentBrowser: Deferred new asset folder creation: NewFolder
[2023.11.29-00.05.53:806][353]LogContentBrowser: Creating deferred item: NewFolder
[2023.11.29-00.05.53:807][353]LogSlate: Took 0.000121 seconds to synchronously load lazily loaded font '../../../Engine/Content/Slate/Fonts/Roboto-Light.ttf' (167K)
[2023.11.29-00.05.57:172][750]LogContentBrowser: Attempting asset rename: NewFolder -> Maps
[2023.11.29-00.05.57:172][750]LogContentBrowser: End creating deferred item NewFolder
[2023.11.29-00.06.02:349][199]LogSlate: Window 'New Level' being destroyed
[2023.11.29-00.06.02:357][199]LightingResults: New page: Lighting Build
[2023.11.29-00.06.02:358][199]LogWorld: UWorld::CleanupWorld for Untitled_1, bSessionEnded=true, bCleanupResources=true
[2023.11.29-00.06.02:358][199]LogSlate: InvalidateAllWidgets triggered.  All widgets were invalidated
[2023.11.29-00.06.02:358][199]MapCheck: New page: Map Check
[2023.11.29-00.06.02:358][199]LightingResults: New page: Lighting Build
[2023.11.29-00.06.02:363][199]LogAudio: Display: Audio Device unregistered from world 'None'.
[2023.11.29-00.06.02:364][199]LogUObjectHash: Compacting FUObjectHashTables data took   0.45ms
[2023.11.29-00.06.02:367][199]LogAIModule: Creating AISystem for world Untitled
[2023.11.29-00.06.02:368][199]LogAudio: Display: Audio Device (ID: 1) registered with world 'Untitled'.
[2023.11.29-00.06.02:368][199]LoadErrors: New page: New Map
[2023.11.29-00.06.18:369][167]LogSlate: Window 'Save Level As' being destroyed
[2023.11.29-00.06.18:386][167]LogSlate: Took 0.000085 seconds to synchronously load lazily loaded font '../../../Engine/Content/Slate/Fonts/Roboto-Light.ttf' (167K)
[2023.11.29-00.06.18:396][167]Cmd: OBJ SAVEPACKAGE PACKAGE="/Game/Maps/Level01" FILE="../../../../29list/KarolH_BR/BALLRUNNER/Content/Maps/Level01.umap" SILENT=true AUTOSAVING=false KEEPDIRTY=false
[2023.11.29-00.06.18:400][167]LogUObjectHash: Compacting FUObjectHashTables data took   0.47ms
[2023.11.29-00.06.18:401][167]LogSavePackage: Moving '../../../../29list/KarolH_BR/BALLRUNNER/Saved/Level012397C73345A57EFDB67774A86B3C2000.tmp' to '../../../../29list/KarolH_BR/BALLRUNNER/Content/Maps/Level01.umap'
[2023.11.29-00.06.18:417][167]LogFileHelpers: Saving map 'Level01' took 0.039
[2023.11.29-00.06.18:418][167]AssetCheck: New page: Asset Save: Level01
[2023.11.29-00.06.18:418][167]LogContentValidation: Display: Validating World /Game/Maps/Level01.Level01
